{"/home/leo/gitrepo/melomoney/src/components/ui/TransactionItem.tsx": {"path":"/home/leo/gitrepo/melomoney/src/components/ui/TransactionItem.tsx","statementMap":{"0":{"start":{"line":19,"column":18},"end":{"line":23,"column":null}},"1":{"start":{"line":25,"column":22},"end":{"line":29,"column":null}},"2":{"start":{"line":31,"column":21},"end":{"line":35,"column":null}},"3":{"start":{"line":38,"column":2},"end":{"line":40,"column":null}},"4":{"start":{"line":39,"column":4},"end":{"line":39,"column":null}},"5":{"start":{"line":41,"column":2},"end":{"line":43,"column":null}},"6":{"start":{"line":42,"column":4},"end":{"line":42,"column":null}},"7":{"start":{"line":44,"column":2},"end":{"line":46,"column":null}},"8":{"start":{"line":45,"column":4},"end":{"line":45,"column":null}},"9":{"start":{"line":47,"column":2},"end":{"line":47,"column":null}},"10":{"start":{"line":62,"column":32},"end":{"line":62,"column":null}},"11":{"start":{"line":63,"column":17},"end":{"line":63,"column":32}},"12":{"start":{"line":65,"column":23},"end":{"line":72,"column":null}},"13":{"start":{"line":74,"column":2},"end":{"line":101,"column":null}}},"fnMap":{"0":{"name":"getAmountColorClass","decl":{"start":{"line":37,"column":9},"end":{"line":37,"column":29}},"loc":{"start":{"line":37,"column":66},"end":{"line":48,"column":null}},"line":37},"1":{"name":"TransactionItem","decl":{"start":{"line":50,"column":16},"end":{"line":50,"column":32}},"loc":{"start":{"line":61,"column":23},"end":{"line":105,"column":null}},"line":61}},"branchMap":{"0":{"loc":{"start":{"line":38,"column":2},"end":{"line":40,"column":null}},"type":"if","locations":[{"start":{"line":38,"column":2},"end":{"line":40,"column":null}},{"start":{},"end":{}}],"line":38},"1":{"loc":{"start":{"line":41,"column":2},"end":{"line":43,"column":null}},"type":"if","locations":[{"start":{"line":41,"column":2},"end":{"line":43,"column":null}},{"start":{},"end":{}}],"line":41},"2":{"loc":{"start":{"line":44,"column":2},"end":{"line":46,"column":null}},"type":"if","locations":[{"start":{"line":44,"column":2},"end":{"line":46,"column":null}},{"start":{},"end":{}}],"line":44},"3":{"loc":{"start":{"line":65,"column":23},"end":{"line":72,"column":null}},"type":"cond-expr","locations":[{"start":{"line":65,"column":61},"end":{"line":71,"column":null}},{"start":{"line":72,"column":6},"end":{"line":72,"column":null}}],"line":65},"4":{"loc":{"start":{"line":65,"column":23},"end":{"line":65,"column":null}},"type":"binary-expr","locations":[{"start":{"line":65,"column":23},"end":{"line":65,"column":46}},{"start":{"line":65,"column":46},"end":{"line":65,"column":61}},{"start":{"line":65,"column":61},"end":{"line":65,"column":null}}],"line":65},"5":{"loc":{"start":{"line":86,"column":11},"end":{"line":88,"column":null}},"type":"binary-expr","locations":[{"start":{"line":86,"column":11},"end":{"line":86,"column":null}},{"start":{"line":86,"column":11},"end":{"line":88,"column":null}}],"line":86},"6":{"loc":{"start":{"line":91,"column":11},"end":{"line":91,"column":null}},"type":"binary-expr","locations":[{"start":{"line":91,"column":11},"end":{"line":91,"column":23}},{"start":{"line":91,"column":11},"end":{"line":91,"column":null}}],"line":91},"7":{"loc":{"start":{"line":92,"column":11},"end":{"line":92,"column":null}},"type":"binary-expr","locations":[{"start":{"line":92,"column":11},"end":{"line":92,"column":22}},{"start":{"line":92,"column":11},"end":{"line":92,"column":null}}],"line":92}},"s":{"0":1,"1":1,"2":1,"3":2,"4":0,"5":2,"6":1,"7":1,"8":1,"9":0,"10":2,"11":2,"12":2,"13":2},"f":{"0":2,"1":2},"b":{"0":[0,2],"1":[1,1],"2":[1,0],"3":[2,0],"4":[2,2,2],"5":[2,2],"6":[2,0],"7":[2,0]},"meta":{"lastBranch":8,"lastFunction":2,"lastStatement":14,"seen":{"s:19:18:23:Infinity":0,"s:25:22:29:Infinity":1,"s:31:21:35:Infinity":2,"f:37:9:37:29":0,"b:38:2:40:Infinity:undefined:undefined:undefined:undefined":0,"s:38:2:40:Infinity":3,"s:39:4:39:Infinity":4,"b:41:2:43:Infinity:undefined:undefined:undefined:undefined":1,"s:41:2:43:Infinity":5,"s:42:4:42:Infinity":6,"b:44:2:46:Infinity:undefined:undefined:undefined:undefined":2,"s:44:2:46:Infinity":7,"s:45:4:45:Infinity":8,"s:47:2:47:Infinity":9,"f:50:16:50:32":1,"s:62:32:62:Infinity":10,"s:63:17:63:32":11,"s:65:23:72:Infinity":12,"b:65:61:71:Infinity:72:6:72:Infinity":3,"b:65:23:65:46:65:46:65:61:65:61:65:Infinity":4,"s:74:2:101:Infinity":13,"b:86:11:86:Infinity:86:11:88:Infinity":5,"b:91:11:91:23:91:11:91:Infinity":6,"b:92:11:92:22:92:11:92:Infinity":7}}}
,"/home/leo/gitrepo/melomoney/src/context/SettingsContext.tsx": {"path":"/home/leo/gitrepo/melomoney/src/context/SettingsContext.tsx","statementMap":{"0":{"start":{"line":7,"column":20},"end":{"line":7,"column":null}},"1":{"start":{"line":8,"column":26},"end":{"line":8,"column":null}},"2":{"start":{"line":11,"column":2},"end":{"line":18,"column":null}},"3":{"start":{"line":12,"column":16},"end":{"line":12,"column":null}},"4":{"start":{"line":13,"column":4},"end":{"line":13,"column":null}},"5":{"start":{"line":13,"column":14},"end":{"line":13,"column":null}},"6":{"start":{"line":14,"column":23},"end":{"line":14,"column":null}},"7":{"start":{"line":15,"column":4},"end":{"line":15,"column":null}},"8":{"start":{"line":17,"column":4},"end":{"line":17,"column":null}},"9":{"start":{"line":26,"column":50},"end":{"line":26,"column":null}},"10":{"start":{"line":28,"column":8},"end":{"line":31,"column":null}},"11":{"start":{"line":29,"column":4},"end":{"line":29,"column":null}},"12":{"start":{"line":30,"column":4},"end":{"line":30,"column":null}},"13":{"start":{"line":33,"column":8},"end":{"line":35,"column":null}},"14":{"start":{"line":34,"column":11},"end":{"line":34,"column":null}},"15":{"start":{"line":38,"column":2},"end":{"line":38,"column":null}}},"fnMap":{"0":{"name":"loadCurrency","decl":{"start":{"line":10,"column":9},"end":{"line":10,"column":null}},"loc":{"start":{"line":10,"column":9},"end":{"line":19,"column":null}},"line":10},"1":{"name":"SettingsProvider","decl":{"start":{"line":25,"column":16},"end":{"line":25,"column":33}},"loc":{"start":{"line":25,"column":68},"end":{"line":39,"column":null}},"line":25},"2":{"name":"(anonymous_2)","decl":{"start":{"line":28,"column":41},"end":{"line":28,"column":42}},"loc":{"start":{"line":28,"column":42},"end":{"line":31,"column":5}},"line":28},"3":{"name":"(anonymous_3)","decl":{"start":{"line":34,"column":4},"end":{"line":34,"column":11}},"loc":{"start":{"line":34,"column":11},"end":{"line":34,"column":null}},"line":34}},"branchMap":{"0":{"loc":{"start":{"line":13,"column":4},"end":{"line":13,"column":null}},"type":"if","locations":[{"start":{"line":13,"column":4},"end":{"line":13,"column":null}},{"start":{},"end":{}}],"line":13},"1":{"loc":{"start":{"line":15,"column":11},"end":{"line":15,"column":null}},"type":"binary-expr","locations":[{"start":{"line":15,"column":11},"end":{"line":15,"column":25}},{"start":{"line":15,"column":25},"end":{"line":15,"column":null}}],"line":15}},"s":{"0":5,"1":5,"2":10,"3":10,"4":10,"5":4,"6":6,"7":6,"8":0,"9":11,"10":11,"11":1,"12":1,"13":11,"14":11,"15":11},"f":{"0":10,"1":11,"2":1,"3":11},"b":{"0":[4,6],"1":[6,0]},"meta":{"lastBranch":2,"lastFunction":4,"lastStatement":16,"seen":{"s:7:20:7:Infinity":0,"s:8:26:8:Infinity":1,"f:10:9:10:Infinity":0,"s:11:2:18:Infinity":2,"s:12:16:12:Infinity":3,"b:13:4:13:Infinity:undefined:undefined:undefined:undefined":0,"s:13:4:13:Infinity":4,"s:13:14:13:Infinity":5,"s:14:23:14:Infinity":6,"s:15:4:15:Infinity":7,"b:15:11:15:25:15:25:15:Infinity":1,"s:17:4:17:Infinity":8,"f:25:16:25:33":1,"s:26:50:26:Infinity":9,"s:28:8:31:Infinity":10,"f:28:41:28:42":2,"s:29:4:29:Infinity":11,"s:30:4:30:Infinity":12,"s:33:8:35:Infinity":13,"f:34:4:34:11":3,"s:34:11:34:Infinity":14,"s:38:2:38:Infinity":15}}}
,"/home/leo/gitrepo/melomoney/src/context/UserContext.tsx": {"path":"/home/leo/gitrepo/melomoney/src/context/UserContext.tsx","statementMap":{"0":{"start":{"line":8,"column":27},"end":{"line":12,"column":null}},"1":{"start":{"line":20,"column":8},"end":{"line":27,"column":null}},"2":{"start":{"line":21,"column":11},"end":{"line":26,"column":null}},"3":{"start":{"line":30,"column":2},"end":{"line":30,"column":null}}},"fnMap":{"0":{"name":"UserProvider","decl":{"start":{"line":19,"column":16},"end":{"line":19,"column":29}},"loc":{"start":{"line":19,"column":81},"end":{"line":31,"column":null}},"line":19},"1":{"name":"(anonymous_1)","decl":{"start":{"line":21,"column":4},"end":{"line":21,"column":11}},"loc":{"start":{"line":21,"column":11},"end":{"line":26,"column":null}},"line":21},"2":{"name":"(anonymous_2)","decl":{"start":{"line":23,"column":14},"end":{"line":23,"column":null}},"loc":{"start":{"line":23,"column":14},"end":{"line":25,"column":null}},"line":23}},"branchMap":{"0":{"loc":{"start":{"line":19,"column":41},"end":{"line":19,"column":60}},"type":"default-arg","locations":[{"start":{"line":19,"column":48},"end":{"line":19,"column":60}}],"line":19}},"s":{"0":5,"1":3,"2":3,"3":3},"f":{"0":3,"1":3,"2":1},"b":{"0":[3]},"meta":{"lastBranch":1,"lastFunction":3,"lastStatement":4,"seen":{"s:8:27:12:Infinity":0,"f:19:16:19:29":0,"b:19:48:19:60":0,"s:20:8:27:Infinity":1,"f:21:4:21:11":1,"s:21:11:26:Infinity":2,"f:23:14:23:Infinity":2,"s:30:2:30:Infinity":3}}}
,"/home/leo/gitrepo/melomoney/src/context/index.ts": {"path":"/home/leo/gitrepo/melomoney/src/context/index.ts","statementMap":{},"fnMap":{},"branchMap":{},"s":{},"f":{},"b":{},"meta":{"lastBranch":0,"lastFunction":0,"lastStatement":0,"seen":{}}}
,"/home/leo/gitrepo/melomoney/src/context/settings-context.ts": {"path":"/home/leo/gitrepo/melomoney/src/context/settings-context.ts","statementMap":{"0":{"start":{"line":9,"column":13},"end":{"line":9,"column":null}}},"fnMap":{},"branchMap":{},"s":{"0":5},"f":{},"b":{},"meta":{"lastBranch":0,"lastFunction":0,"lastStatement":1,"seen":{"s:9:13:9:Infinity":0}}}
,"/home/leo/gitrepo/melomoney/src/context/user-context.ts": {"path":"/home/leo/gitrepo/melomoney/src/context/user-context.ts","statementMap":{"0":{"start":{"line":10,"column":13},"end":{"line":10,"column":null}},"1":{"start":{"line":21,"column":16},"end":{"line":21,"column":null}},"2":{"start":{"line":22,"column":2},"end":{"line":22,"column":null}},"3":{"start":{"line":22,"column":45},"end":{"line":22,"column":null}},"4":{"start":{"line":23,"column":2},"end":{"line":23,"column":null}},"5":{"start":{"line":23,"column":26},"end":{"line":23,"column":null}},"6":{"start":{"line":24,"column":2},"end":{"line":24,"column":null}}},"fnMap":{"0":{"name":"getInitials","decl":{"start":{"line":20,"column":16},"end":{"line":20,"column":28}},"loc":{"start":{"line":20,"column":40},"end":{"line":25,"column":null}},"line":20}},"branchMap":{"0":{"loc":{"start":{"line":22,"column":2},"end":{"line":22,"column":null}},"type":"if","locations":[{"start":{"line":22,"column":2},"end":{"line":22,"column":null}},{"start":{},"end":{}}],"line":22},"1":{"loc":{"start":{"line":22,"column":6},"end":{"line":22,"column":45}},"type":"binary-expr","locations":[{"start":{"line":22,"column":6},"end":{"line":22,"column":28}},{"start":{"line":22,"column":28},"end":{"line":22,"column":45}}],"line":22},"2":{"loc":{"start":{"line":23,"column":2},"end":{"line":23,"column":null}},"type":"if","locations":[{"start":{"line":23,"column":2},"end":{"line":23,"column":null}},{"start":{},"end":{}}],"line":23}},"s":{"0":5,"1":7,"2":7,"3":2,"4":5,"5":5,"6":4},"f":{"0":7},"b":{"0":[2,5],"1":[7,7],"2":[1,4]},"meta":{"lastBranch":3,"lastFunction":1,"lastStatement":7,"seen":{"s:10:13:10:Infinity":0,"f:20:16:20:28":0,"s:21:16:21:Infinity":1,"b:22:2:22:Infinity:undefined:undefined:undefined:undefined":0,"s:22:2:22:Infinity":2,"b:22:6:22:28:22:28:22:45":1,"s:22:45:22:Infinity":3,"b:23:2:23:Infinity:undefined:undefined:undefined:undefined":2,"s:23:2:23:Infinity":4,"s:23:26:23:Infinity":5,"s:24:2:24:Infinity":6}}}
,"/home/leo/gitrepo/melomoney/src/hooks/index.ts": {"path":"/home/leo/gitrepo/melomoney/src/hooks/index.ts","statementMap":{},"fnMap":{},"branchMap":{},"s":{},"f":{},"b":{},"meta":{"lastBranch":0,"lastFunction":0,"lastStatement":0,"seen":{}}}
,"/home/leo/gitrepo/melomoney/src/hooks/useFormatCurrency.ts": {"path":"/home/leo/gitrepo/melomoney/src/hooks/useFormatCurrency.ts","statementMap":{"0":{"start":{"line":12,"column":27},"end":{"line":12,"column":null}},"1":{"start":{"line":14,"column":8},"end":{"line":17,"column":null}},"2":{"start":{"line":15,"column":21},"end":{"line":16,"column":null}},"3":{"start":{"line":20,"column":8},"end":{"line":23,"column":null}},"4":{"start":{"line":21,"column":21},"end":{"line":22,"column":null}},"5":{"start":{"line":26,"column":2},"end":{"line":26,"column":null}}},"fnMap":{"0":{"name":"useFormatCurrency","decl":{"start":{"line":11,"column":16},"end":{"line":11,"column":null}},"loc":{"start":{"line":11,"column":16},"end":{"line":27,"column":null}},"line":11},"1":{"name":"(anonymous_1)","decl":{"start":{"line":15,"column":4},"end":{"line":15,"column":5}},"loc":{"start":{"line":15,"column":21},"end":{"line":16,"column":null}},"line":15},"2":{"name":"(anonymous_2)","decl":{"start":{"line":21,"column":4},"end":{"line":21,"column":5}},"loc":{"start":{"line":21,"column":21},"end":{"line":22,"column":null}},"line":21}},"branchMap":{"0":{"loc":{"start":{"line":16,"column":29},"end":{"line":16,"column":null}},"type":"binary-expr","locations":[{"start":{"line":16,"column":29},"end":{"line":16,"column":41}},{"start":{"line":16,"column":41},"end":{"line":16,"column":null}}],"line":16},"1":{"loc":{"start":{"line":22,"column":35},"end":{"line":22,"column":null}},"type":"binary-expr","locations":[{"start":{"line":22,"column":35},"end":{"line":22,"column":47}},{"start":{"line":22,"column":47},"end":{"line":22,"column":null}}],"line":22}},"s":{"0":7,"1":7,"2":3,"3":7,"4":4,"5":7},"f":{"0":7,"1":3,"2":4},"b":{"0":[3,2],"1":[4,2]},"meta":{"lastBranch":2,"lastFunction":3,"lastStatement":6,"seen":{"f:11:16:11:Infinity":0,"s:12:27:12:Infinity":0,"s:14:8:17:Infinity":1,"f:15:4:15:5":1,"s:15:21:16:Infinity":2,"b:16:29:16:41:16:41:16:Infinity":0,"s:20:8:23:Infinity":3,"f:21:4:21:5":2,"s:21:21:22:Infinity":4,"b:22:35:22:47:22:47:22:Infinity":1,"s:26:2:26:Infinity":5}}}
,"/home/leo/gitrepo/melomoney/src/hooks/useIconPicker.ts": {"path":"/home/leo/gitrepo/melomoney/src/hooks/useIconPicker.ts","statementMap":{"0":{"start":{"line":14,"column":47},"end":{"line":14,"column":null}},"1":{"start":{"line":15,"column":45},"end":{"line":15,"column":null}},"2":{"start":{"line":17,"column":8},"end":{"line":19,"column":null}},"3":{"start":{"line":18,"column":10},"end":{"line":18,"column":null}},"4":{"start":{"line":18,"column":56},"end":{"line":18,"column":null}},"5":{"start":{"line":22,"column":8},"end":{"line":26,"column":null}},"6":{"start":{"line":23,"column":18},"end":{"line":23,"column":null}},"7":{"start":{"line":24,"column":4},"end":{"line":24,"column":null}},"8":{"start":{"line":24,"column":16},"end":{"line":24,"column":null}},"9":{"start":{"line":25,"column":4},"end":{"line":25,"column":null}},"10":{"start":{"line":25,"column":45},"end":{"line":25,"column":null}},"11":{"start":{"line":28,"column":2},"end":{"line":35,"column":null}}},"fnMap":{"0":{"name":"useIconPicker","decl":{"start":{"line":13,"column":16},"end":{"line":13,"column":null}},"loc":{"start":{"line":13,"column":16},"end":{"line":36,"column":null}},"line":13},"1":{"name":"(anonymous_1)","decl":{"start":{"line":18,"column":4},"end":{"line":18,"column":10}},"loc":{"start":{"line":18,"column":10},"end":{"line":18,"column":null}},"line":18},"2":{"name":"(anonymous_2)","decl":{"start":{"line":18,"column":46},"end":{"line":18,"column":47}},"loc":{"start":{"line":18,"column":56},"end":{"line":18,"column":null}},"line":18},"3":{"name":"(anonymous_3)","decl":{"start":{"line":22,"column":36},"end":{"line":22,"column":null}},"loc":{"start":{"line":22,"column":36},"end":{"line":26,"column":5}},"line":22},"4":{"name":"(anonymous_4)","decl":{"start":{"line":25,"column":31},"end":{"line":25,"column":32}},"loc":{"start":{"line":25,"column":45},"end":{"line":25,"column":null}},"line":25}},"branchMap":{"0":{"loc":{"start":{"line":24,"column":4},"end":{"line":24,"column":null}},"type":"if","locations":[{"start":{"line":24,"column":4},"end":{"line":24,"column":null}},{"start":{},"end":{}}],"line":24}},"s":{"0":0,"1":0,"2":0,"3":0,"4":0,"5":0,"6":0,"7":0,"8":0,"9":0,"10":0,"11":0},"f":{"0":0,"1":0,"2":0,"3":0,"4":0},"b":{"0":[0,0]},"meta":{"lastBranch":1,"lastFunction":5,"lastStatement":12,"seen":{"f:13:16:13:Infinity":0,"s:14:47:14:Infinity":0,"s:15:45:15:Infinity":1,"s:17:8:19:Infinity":2,"f:18:4:18:10":1,"s:18:10:18:Infinity":3,"f:18:46:18:47":2,"s:18:56:18:Infinity":4,"s:22:8:26:Infinity":5,"f:22:36:22:Infinity":3,"s:23:18:23:Infinity":6,"b:24:4:24:Infinity:undefined:undefined:undefined:undefined":0,"s:24:4:24:Infinity":7,"s:24:16:24:Infinity":8,"s:25:4:25:Infinity":9,"f:25:31:25:32":4,"s:25:45:25:Infinity":10,"s:28:2:35:Infinity":11}}}
,"/home/leo/gitrepo/melomoney/src/hooks/useImportExport.ts": {"path":"/home/leo/gitrepo/melomoney/src/hooks/useImportExport.ts","statementMap":{"0":{"start":{"line":21,"column":37},"end":{"line":21,"column":null}},"1":{"start":{"line":22,"column":37},"end":{"line":22,"column":null}},"2":{"start":{"line":23,"column":8},"end":{"line":23,"column":null}},"3":{"start":{"line":25,"column":25},"end":{"line":28,"column":null}},"4":{"start":{"line":26,"column":4},"end":{"line":26,"column":null}},"5":{"start":{"line":27,"column":4},"end":{"line":27,"column":null}},"6":{"start":{"line":30,"column":27},"end":{"line":52,"column":null}},"7":{"start":{"line":31,"column":17},"end":{"line":31,"column":40}},"8":{"start":{"line":32,"column":4},"end":{"line":32,"column":null}},"9":{"start":{"line":33,"column":4},"end":{"line":35,"column":null}},"10":{"start":{"line":34,"column":6},"end":{"line":34,"column":null}},"11":{"start":{"line":37,"column":4},"end":{"line":37,"column":null}},"12":{"start":{"line":38,"column":4},"end":{"line":38,"column":null}},"13":{"start":{"line":40,"column":4},"end":{"line":51,"column":null}},"14":{"start":{"line":41,"column":26},"end":{"line":41,"column":null}},"15":{"start":{"line":42,"column":21},"end":{"line":42,"column":null}},"16":{"start":{"line":43,"column":6},"end":{"line":43,"column":null}},"17":{"start":{"line":44,"column":6},"end":{"line":44,"column":null}},"18":{"start":{"line":46,"column":6},"end":{"line":47,"column":null}},"19":{"start":{"line":50,"column":6},"end":{"line":50,"column":null}},"20":{"start":{"line":54,"column":25},"end":{"line":66,"column":null}},"21":{"start":{"line":55,"column":17},"end":{"line":57,"column":null}},"22":{"start":{"line":58,"column":24},"end":{"line":58,"column":null}},"23":{"start":{"line":59,"column":19},"end":{"line":59,"column":null}},"24":{"start":{"line":60,"column":4},"end":{"line":60,"column":null}},"25":{"start":{"line":61,"column":4},"end":{"line":61,"column":null}},"26":{"start":{"line":62,"column":4},"end":{"line":62,"column":null}},"27":{"start":{"line":63,"column":4},"end":{"line":63,"column":null}},"28":{"start":{"line":64,"column":4},"end":{"line":64,"column":null}},"29":{"start":{"line":65,"column":4},"end":{"line":65,"column":null}},"30":{"start":{"line":68,"column":2},"end":{"line":75,"column":null}}},"fnMap":{"0":{"name":"useImportExport","decl":{"start":{"line":17,"column":16},"end":{"line":17,"column":43}},"loc":{"start":{"line":20,"column":36},"end":{"line":76,"column":null}},"line":20},"1":{"name":"(anonymous_1)","decl":{"start":{"line":25,"column":25},"end":{"line":25,"column":null}},"loc":{"start":{"line":25,"column":25},"end":{"line":28,"column":null}},"line":25},"2":{"name":"(anonymous_2)","decl":{"start":{"line":30,"column":27},"end":{"line":30,"column":34}},"loc":{"start":{"line":30,"column":34},"end":{"line":52,"column":null}},"line":30},"3":{"name":"(anonymous_3)","decl":{"start":{"line":54,"column":25},"end":{"line":54,"column":26}},"loc":{"start":{"line":54,"column":44},"end":{"line":66,"column":null}},"line":54}},"branchMap":{"0":{"loc":{"start":{"line":33,"column":4},"end":{"line":35,"column":null}},"type":"if","locations":[{"start":{"line":33,"column":4},"end":{"line":35,"column":null}},{"start":{},"end":{}}],"line":33},"1":{"loc":{"start":{"line":47,"column":8},"end":{"line":47,"column":null}},"type":"cond-expr","locations":[{"start":{"line":47,"column":33},"end":{"line":47,"column":46}},{"start":{"line":47,"column":49},"end":{"line":47,"column":null}}],"line":47}},"s":{"0":0,"1":0,"2":0,"3":0,"4":0,"5":0,"6":0,"7":0,"8":0,"9":0,"10":0,"11":0,"12":0,"13":0,"14":0,"15":0,"16":0,"17":0,"18":0,"19":0,"20":0,"21":0,"22":0,"23":0,"24":0,"25":0,"26":0,"27":0,"28":0,"29":0,"30":0},"f":{"0":0,"1":0,"2":0,"3":0},"b":{"0":[0,0],"1":[0,0]},"meta":{"lastBranch":2,"lastFunction":4,"lastStatement":31,"seen":{"f:17:16:17:43":0,"s:21:37:21:Infinity":0,"s:22:37:22:Infinity":1,"s:23:8:23:Infinity":2,"s:25:25:28:Infinity":3,"f:25:25:25:Infinity":1,"s:26:4:26:Infinity":4,"s:27:4:27:Infinity":5,"s:30:27:52:Infinity":6,"f:30:27:30:34":2,"s:31:17:31:40":7,"s:32:4:32:Infinity":8,"b:33:4:35:Infinity:undefined:undefined:undefined:undefined":0,"s:33:4:35:Infinity":9,"s:34:6:34:Infinity":10,"s:37:4:37:Infinity":11,"s:38:4:38:Infinity":12,"s:40:4:51:Infinity":13,"s:41:26:41:Infinity":14,"s:42:21:42:Infinity":15,"s:43:6:43:Infinity":16,"s:44:6:44:Infinity":17,"s:46:6:47:Infinity":18,"b:47:33:47:46:47:49:47:Infinity":1,"s:50:6:50:Infinity":19,"s:54:25:66:Infinity":20,"f:54:25:54:26":3,"s:55:17:57:Infinity":21,"s:58:24:58:Infinity":22,"s:59:19:59:Infinity":23,"s:60:4:60:Infinity":24,"s:61:4:61:Infinity":25,"s:62:4:62:Infinity":26,"s:63:4:63:Infinity":27,"s:64:4:64:Infinity":28,"s:65:4:65:Infinity":29,"s:68:2:75:Infinity":30}}}
,"/home/leo/gitrepo/melomoney/src/hooks/usePagination.ts": {"path":"/home/leo/gitrepo/melomoney/src/hooks/usePagination.ts","statementMap":{"0":{"start":{"line":3,"column":19},"end":{"line":3,"column":null}},"1":{"start":{"line":19,"column":23},"end":{"line":19,"column":null}},"2":{"start":{"line":20,"column":31},"end":{"line":20,"column":null}},"3":{"start":{"line":22,"column":8},"end":{"line":24,"column":null}},"4":{"start":{"line":23,"column":10},"end":{"line":23,"column":null}},"5":{"start":{"line":27,"column":2},"end":{"line":34,"column":null}}},"fnMap":{"0":{"name":"usePagination","decl":{"start":{"line":18,"column":16},"end":{"line":18,"column":30}},"loc":{"start":{"line":18,"column":66},"end":{"line":35,"column":null}},"line":18},"1":{"name":"(anonymous_1)","decl":{"start":{"line":23,"column":4},"end":{"line":23,"column":10}},"loc":{"start":{"line":23,"column":10},"end":{"line":23,"column":null}},"line":23}},"branchMap":{},"s":{"0":4,"1":0,"2":0,"3":0,"4":0,"5":0},"f":{"0":0,"1":0},"b":{},"meta":{"lastBranch":0,"lastFunction":2,"lastStatement":6,"seen":{"s:3:19:3:Infinity":0,"f:18:16:18:30":0,"s:19:23:19:Infinity":1,"s:20:31:20:Infinity":2,"s:22:8:24:Infinity":3,"f:23:4:23:10":1,"s:23:10:23:Infinity":4,"s:27:2:34:Infinity":5}}}
,"/home/leo/gitrepo/melomoney/src/hooks/useSettings.ts": {"path":"/home/leo/gitrepo/melomoney/src/hooks/useSettings.ts","statementMap":{"0":{"start":{"line":8,"column":8},"end":{"line":8,"column":null}},"1":{"start":{"line":9,"column":2},"end":{"line":11,"column":null}},"2":{"start":{"line":10,"column":4},"end":{"line":10,"column":null}},"3":{"start":{"line":12,"column":2},"end":{"line":12,"column":null}}},"fnMap":{"0":{"name":"useSettings","decl":{"start":{"line":7,"column":16},"end":{"line":7,"column":null}},"loc":{"start":{"line":7,"column":16},"end":{"line":13,"column":null}},"line":7}},"branchMap":{"0":{"loc":{"start":{"line":9,"column":2},"end":{"line":11,"column":null}},"type":"if","locations":[{"start":{"line":9,"column":2},"end":{"line":11,"column":null}},{"start":{},"end":{}}],"line":9}},"s":{"0":13,"1":13,"2":2,"3":11},"f":{"0":13},"b":{"0":[2,11]},"meta":{"lastBranch":1,"lastFunction":1,"lastStatement":4,"seen":{"f:7:16:7:Infinity":0,"s:8:8:8:Infinity":0,"b:9:2:11:Infinity:undefined:undefined:undefined:undefined":0,"s:9:2:11:Infinity":1,"s:10:4:10:Infinity":2,"s:12:2:12:Infinity":3}}}
,"/home/leo/gitrepo/melomoney/src/hooks/useTransactionFilters.ts": {"path":"/home/leo/gitrepo/melomoney/src/hooks/useTransactionFilters.ts","statementMap":{"0":{"start":{"line":68,"column":6},"end":{"line":68,"column":null}},"1":{"start":{"line":71,"column":37},"end":{"line":71,"column":null}},"2":{"start":{"line":72,"column":35},"end":{"line":72,"column":null}},"3":{"start":{"line":73,"column":49},"end":{"line":73,"column":null}},"4":{"start":{"line":74,"column":39},"end":{"line":74,"column":null}},"5":{"start":{"line":75,"column":45},"end":{"line":75,"column":null}},"6":{"start":{"line":76,"column":57},"end":{"line":76,"column":null}},"7":{"start":{"line":77,"column":33},"end":{"line":77,"column":null}},"8":{"start":{"line":78,"column":41},"end":{"line":78,"column":null}},"9":{"start":{"line":81,"column":53},"end":{"line":81,"column":null}},"10":{"start":{"line":82,"column":41},"end":{"line":82,"column":null}},"11":{"start":{"line":83,"column":47},"end":{"line":83,"column":null}},"12":{"start":{"line":84,"column":31},"end":{"line":84,"column":null}},"13":{"start":{"line":85,"column":27},"end":{"line":85,"column":null}},"14":{"start":{"line":86,"column":33},"end":{"line":86,"column":null}},"15":{"start":{"line":87,"column":33},"end":{"line":87,"column":null}},"16":{"start":{"line":91,"column":4},"end":{"line":94,"column":null}},"17":{"start":{"line":97,"column":4},"end":{"line":104,"column":null}},"18":{"start":{"line":106,"column":26},"end":{"line":119,"column":null}},"19":{"start":{"line":107,"column":4},"end":{"line":107,"column":null}},"20":{"start":{"line":108,"column":4},"end":{"line":108,"column":null}},"21":{"start":{"line":109,"column":4},"end":{"line":109,"column":null}},"22":{"start":{"line":110,"column":4},"end":{"line":110,"column":null}},"23":{"start":{"line":111,"column":4},"end":{"line":111,"column":null}},"24":{"start":{"line":112,"column":4},"end":{"line":112,"column":null}},"25":{"start":{"line":113,"column":4},"end":{"line":113,"column":null}},"26":{"start":{"line":114,"column":4},"end":{"line":114,"column":null}},"27":{"start":{"line":115,"column":4},"end":{"line":115,"column":null}},"28":{"start":{"line":116,"column":4},"end":{"line":116,"column":null}},"29":{"start":{"line":117,"column":4},"end":{"line":117,"column":null}},"30":{"start":{"line":118,"column":4},"end":{"line":118,"column":null}},"31":{"start":{"line":121,"column":21},"end":{"line":128,"column":null}},"32":{"start":{"line":122,"column":4},"end":{"line":127,"column":null}},"33":{"start":{"line":123,"column":6},"end":{"line":123,"column":null}},"34":{"start":{"line":123,"column":34},"end":{"line":123,"column":null}},"35":{"start":{"line":125,"column":6},"end":{"line":125,"column":null}},"36":{"start":{"line":126,"column":6},"end":{"line":126,"column":null}},"37":{"start":{"line":130,"column":2},"end":{"line":165,"column":null}}},"fnMap":{"0":{"name":"useTransactionFilters","decl":{"start":{"line":58,"column":16},"end":{"line":58,"column":null}},"loc":{"start":{"line":59,"column":44},"end":{"line":166,"column":null}},"line":59},"1":{"name":"(anonymous_1)","decl":{"start":{"line":106,"column":26},"end":{"line":106,"column":null}},"loc":{"start":{"line":106,"column":26},"end":{"line":119,"column":null}},"line":106},"2":{"name":"(anonymous_2)","decl":{"start":{"line":121,"column":21},"end":{"line":121,"column":22}},"loc":{"start":{"line":121,"column":22},"end":{"line":128,"column":null}},"line":121},"3":{"name":"(anonymous_3)","decl":{"start":{"line":123,"column":23},"end":{"line":123,"column":24}},"loc":{"start":{"line":123,"column":34},"end":{"line":123,"column":null}},"line":123}},"branchMap":{"0":{"loc":{"start":{"line":59,"column":2},"end":{"line":59,"column":44}},"type":"default-arg","locations":[{"start":{"line":59,"column":42},"end":{"line":59,"column":44}}],"line":59},"1":{"loc":{"start":{"line":62,"column":4},"end":{"line":62,"column":29}},"type":"default-arg","locations":[{"start":{"line":62,"column":24},"end":{"line":62,"column":29}}],"line":62},"2":{"loc":{"start":{"line":63,"column":4},"end":{"line":63,"column":33}},"type":"default-arg","locations":[{"start":{"line":63,"column":31},"end":{"line":63,"column":33}}],"line":63},"3":{"loc":{"start":{"line":64,"column":4},"end":{"line":64,"column":28}},"type":"default-arg","locations":[{"start":{"line":64,"column":26},"end":{"line":64,"column":28}}],"line":64},"4":{"loc":{"start":{"line":65,"column":4},"end":{"line":65,"column":31}},"type":"default-arg","locations":[{"start":{"line":65,"column":29},"end":{"line":65,"column":31}}],"line":65},"5":{"loc":{"start":{"line":66,"column":4},"end":{"line":66,"column":29}},"type":"default-arg","locations":[{"start":{"line":66,"column":27},"end":{"line":66,"column":29}}],"line":66},"6":{"loc":{"start":{"line":67,"column":4},"end":{"line":67,"column":32}},"type":"default-arg","locations":[{"start":{"line":67,"column":30},"end":{"line":67,"column":32}}],"line":67},"7":{"loc":{"start":{"line":91,"column":5},"end":{"line":91,"column":null}},"type":"cond-expr","locations":[{"start":{"line":91,"column":16},"end":{"line":91,"column":20}},{"start":{"line":91,"column":20},"end":{"line":91,"column":null}}],"line":91},"8":{"loc":{"start":{"line":92,"column":5},"end":{"line":92,"column":null}},"type":"cond-expr","locations":[{"start":{"line":92,"column":14},"end":{"line":92,"column":18}},{"start":{"line":92,"column":18},"end":{"line":92,"column":null}}],"line":92},"9":{"loc":{"start":{"line":93,"column":5},"end":{"line":93,"column":null}},"type":"cond-expr","locations":[{"start":{"line":93,"column":17},"end":{"line":93,"column":21}},{"start":{"line":93,"column":21},"end":{"line":93,"column":null}}],"line":93},"10":{"loc":{"start":{"line":94,"column":5},"end":{"line":94,"column":null}},"type":"cond-expr","locations":[{"start":{"line":94,"column":17},"end":{"line":94,"column":21}},{"start":{"line":94,"column":21},"end":{"line":94,"column":null}}],"line":94},"11":{"loc":{"start":{"line":97,"column":4},"end":{"line":104,"column":null}},"type":"binary-expr","locations":[{"start":{"line":97,"column":4},"end":{"line":97,"column":null}},{"start":{"line":98,"column":4},"end":{"line":98,"column":null}},{"start":{"line":99,"column":4},"end":{"line":99,"column":null}},{"start":{"line":100,"column":4},"end":{"line":100,"column":null}},{"start":{"line":101,"column":4},"end":{"line":101,"column":null}},{"start":{"line":102,"column":4},"end":{"line":102,"column":null}},{"start":{"line":103,"column":4},"end":{"line":103,"column":null}},{"start":{"line":104,"column":4},"end":{"line":104,"column":null}}],"line":97},"12":{"loc":{"start":{"line":122,"column":4},"end":{"line":127,"column":null}},"type":"if","locations":[{"start":{"line":122,"column":4},"end":{"line":127,"column":null}},{"start":{"line":124,"column":11},"end":{"line":127,"column":null}}],"line":122},"13":{"loc":{"start":{"line":123,"column":34},"end":{"line":123,"column":null}},"type":"cond-expr","locations":[{"start":{"line":123,"column":51},"end":{"line":123,"column":60}},{"start":{"line":123,"column":60},"end":{"line":123,"column":null}}],"line":123}},"s":{"0":0,"1":0,"2":0,"3":0,"4":0,"5":0,"6":0,"7":0,"8":0,"9":0,"10":0,"11":0,"12":0,"13":0,"14":0,"15":0,"16":0,"17":0,"18":0,"19":0,"20":0,"21":0,"22":0,"23":0,"24":0,"25":0,"26":0,"27":0,"28":0,"29":0,"30":0,"31":0,"32":0,"33":0,"34":0,"35":0,"36":0,"37":0},"f":{"0":0,"1":0,"2":0,"3":0},"b":{"0":[0],"1":[0],"2":[0],"3":[0],"4":[0],"5":[0],"6":[0],"7":[0,0],"8":[0,0],"9":[0,0],"10":[0,0],"11":[0,0,0,0,0,0,0,0],"12":[0,0],"13":[0,0]},"meta":{"lastBranch":14,"lastFunction":4,"lastStatement":38,"seen":{"f:58:16:58:Infinity":0,"b:59:42:59:44":0,"s:68:6:68:Infinity":0,"b:62:24:62:29":1,"b:63:31:63:33":2,"b:64:26:64:28":3,"b:65:29:65:31":4,"b:66:27:66:29":5,"b:67:30:67:32":6,"s:71:37:71:Infinity":1,"s:72:35:72:Infinity":2,"s:73:49:73:Infinity":3,"s:74:39:74:Infinity":4,"s:75:45:75:Infinity":5,"s:76:57:76:Infinity":6,"s:77:33:77:Infinity":7,"s:78:41:78:Infinity":8,"s:81:53:81:Infinity":9,"s:82:41:82:Infinity":10,"s:83:47:83:Infinity":11,"s:84:31:84:Infinity":12,"s:85:27:85:Infinity":13,"s:86:33:86:Infinity":14,"s:87:33:87:Infinity":15,"s:91:4:94:Infinity":16,"b:91:16:91:20:91:20:91:Infinity":7,"b:92:14:92:18:92:18:92:Infinity":8,"b:93:17:93:21:93:21:93:Infinity":9,"b:94:17:94:21:94:21:94:Infinity":10,"s:97:4:104:Infinity":17,"b:97:4:97:Infinity:98:4:98:Infinity:99:4:99:Infinity:100:4:100:Infinity:101:4:101:Infinity:102:4:102:Infinity:103:4:103:Infinity:104:4:104:Infinity":11,"s:106:26:119:Infinity":18,"f:106:26:106:Infinity":1,"s:107:4:107:Infinity":19,"s:108:4:108:Infinity":20,"s:109:4:109:Infinity":21,"s:110:4:110:Infinity":22,"s:111:4:111:Infinity":23,"s:112:4:112:Infinity":24,"s:113:4:113:Infinity":25,"s:114:4:114:Infinity":26,"s:115:4:115:Infinity":27,"s:116:4:116:Infinity":28,"s:117:4:117:Infinity":29,"s:118:4:118:Infinity":30,"s:121:21:128:Infinity":31,"f:121:21:121:22":2,"b:122:4:127:Infinity:124:11:127:Infinity":12,"s:122:4:127:Infinity":32,"s:123:6:123:Infinity":33,"f:123:23:123:24":3,"s:123:34:123:Infinity":34,"b:123:51:123:60:123:60:123:Infinity":13,"s:125:6:125:Infinity":35,"s:126:6:126:Infinity":36,"s:130:2:165:Infinity":37}}}
,"/home/leo/gitrepo/melomoney/src/hooks/useUser.ts": {"path":"/home/leo/gitrepo/melomoney/src/hooks/useUser.ts","statementMap":{"0":{"start":{"line":8,"column":8},"end":{"line":8,"column":null}},"1":{"start":{"line":9,"column":2},"end":{"line":11,"column":null}},"2":{"start":{"line":10,"column":4},"end":{"line":10,"column":null}},"3":{"start":{"line":12,"column":2},"end":{"line":12,"column":null}}},"fnMap":{"0":{"name":"useUser","decl":{"start":{"line":7,"column":16},"end":{"line":7,"column":null}},"loc":{"start":{"line":7,"column":16},"end":{"line":13,"column":null}},"line":7}},"branchMap":{"0":{"loc":{"start":{"line":9,"column":2},"end":{"line":11,"column":null}},"type":"if","locations":[{"start":{"line":9,"column":2},"end":{"line":11,"column":null}},{"start":{},"end":{}}],"line":9}},"s":{"0":5,"1":5,"2":2,"3":3},"f":{"0":5},"b":{"0":[2,3]},"meta":{"lastBranch":1,"lastFunction":1,"lastStatement":4,"seen":{"f:7:16:7:Infinity":0,"s:8:8:8:Infinity":0,"b:9:2:11:Infinity:undefined:undefined:undefined:undefined":0,"s:9:2:11:Infinity":1,"s:10:4:10:Infinity":2,"s:12:2:12:Infinity":3}}}
,"/home/leo/gitrepo/melomoney/src/lib/tag-storage.ts": {"path":"/home/leo/gitrepo/melomoney/src/lib/tag-storage.ts","statementMap":{"0":{"start":{"line":4,"column":17},"end":{"line":4,"column":null}},"1":{"start":{"line":5,"column":26},"end":{"line":5,"column":null}},"2":{"start":{"line":7,"column":33},"end":{"line":7,"column":null}},"3":{"start":{"line":9,"column":33},"end":{"line":17,"column":null}},"4":{"start":{"line":19,"column":29},"end":{"line":19,"column":null}},"5":{"start":{"line":22,"column":2},"end":{"line":22,"column":null}},"6":{"start":{"line":26,"column":2},"end":{"line":26,"column":null}},"7":{"start":{"line":30,"column":2},"end":{"line":32,"column":null}},"8":{"start":{"line":31,"column":4},"end":{"line":31,"column":null}},"9":{"start":{"line":34,"column":18},"end":{"line":34,"column":null}},"10":{"start":{"line":35,"column":2},"end":{"line":37,"column":null}},"11":{"start":{"line":36,"column":4},"end":{"line":36,"column":null}},"12":{"start":{"line":39,"column":21},"end":{"line":41,"column":null}},"13":{"start":{"line":43,"column":2},"end":{"line":45,"column":null}},"14":{"start":{"line":49,"column":2},"end":{"line":51,"column":null}},"15":{"start":{"line":50,"column":4},"end":{"line":50,"column":null}},"16":{"start":{"line":53,"column":13},"end":{"line":53,"column":null}},"17":{"start":{"line":54,"column":15},"end":{"line":54,"column":null}},"18":{"start":{"line":55,"column":20},"end":{"line":55,"column":null}},"19":{"start":{"line":56,"column":20},"end":{"line":56,"column":null}},"20":{"start":{"line":58,"column":2},"end":{"line":60,"column":null}},"21":{"start":{"line":59,"column":4},"end":{"line":59,"column":null}},"22":{"start":{"line":62,"column":16},"end":{"line":62,"column":null}},"23":{"start":{"line":64,"column":2},"end":{"line":70,"column":null}},"24":{"start":{"line":74,"column":34},"end":{"line":74,"column":null}},"25":{"start":{"line":75,"column":2},"end":{"line":75,"column":null}},"26":{"start":{"line":75,"column":28},"end":{"line":75,"column":null}},"27":{"start":{"line":79,"column":18},"end":{"line":79,"column":null}},"28":{"start":{"line":80,"column":2},"end":{"line":82,"column":null}},"29":{"start":{"line":81,"column":4},"end":{"line":81,"column":null}},"30":{"start":{"line":84,"column":2},"end":{"line":84,"column":null}},"31":{"start":{"line":88,"column":2},"end":{"line":88,"column":null}},"32":{"start":{"line":92,"column":2},"end":{"line":114,"column":null}},"33":{"start":{"line":93,"column":16},"end":{"line":93,"column":null}},"34":{"start":{"line":94,"column":4},"end":{"line":96,"column":null}},"35":{"start":{"line":95,"column":6},"end":{"line":95,"column":null}},"36":{"start":{"line":98,"column":19},"end":{"line":98,"column":null}},"37":{"start":{"line":99,"column":4},"end":{"line":101,"column":null}},"38":{"start":{"line":100,"column":6},"end":{"line":100,"column":null}},"39":{"start":{"line":103,"column":27},"end":{"line":105,"column":null}},"40":{"start":{"line":104,"column":20},"end":{"line":104,"column":null}},"41":{"start":{"line":105,"column":35},"end":{"line":105,"column":null}},"42":{"start":{"line":107,"column":4},"end":{"line":109,"column":null}},"43":{"start":{"line":108,"column":6},"end":{"line":108,"column":null}},"44":{"start":{"line":111,"column":4},"end":{"line":111,"column":null}},"45":{"start":{"line":113,"column":4},"end":{"line":113,"column":null}},"46":{"start":{"line":121,"column":15},"end":{"line":121,"column":null}},"47":{"start":{"line":122,"column":15},"end":{"line":122,"column":null}},"48":{"start":{"line":123,"column":2},"end":{"line":125,"column":null}},"49":{"start":{"line":124,"column":4},"end":{"line":124,"column":null}},"50":{"start":{"line":127,"column":2},"end":{"line":129,"column":null}},"51":{"start":{"line":128,"column":4},"end":{"line":128,"column":null}},"52":{"start":{"line":131,"column":14},"end":{"line":131,"column":null}},"53":{"start":{"line":132,"column":22},"end":{"line":132,"column":null}},"54":{"start":{"line":132,"column":48},"end":{"line":132,"column":54}},"55":{"start":{"line":133,"column":23},"end":{"line":139,"column":null}},"56":{"start":{"line":141,"column":2},"end":{"line":141,"column":null}},"57":{"start":{"line":142,"column":2},"end":{"line":142,"column":null}},"58":{"start":{"line":143,"column":2},"end":{"line":143,"column":null}},"59":{"start":{"line":150,"column":15},"end":{"line":150,"column":null}},"60":{"start":{"line":151,"column":19},"end":{"line":151,"column":null}},"61":{"start":{"line":151,"column":43},"end":{"line":151,"column":null}},"62":{"start":{"line":152,"column":2},"end":{"line":154,"column":null}},"63":{"start":{"line":153,"column":4},"end":{"line":153,"column":null}},"64":{"start":{"line":156,"column":21},"end":{"line":156,"column":35}},"65":{"start":{"line":157,"column":19},"end":{"line":159,"column":null}},"66":{"start":{"line":160,"column":2},"end":{"line":162,"column":null}},"67":{"start":{"line":161,"column":4},"end":{"line":161,"column":null}},"68":{"start":{"line":164,"column":2},"end":{"line":166,"column":null}},"69":{"start":{"line":165,"column":4},"end":{"line":165,"column":null}},"70":{"start":{"line":168,"column":23},"end":{"line":175,"column":null}},"71":{"start":{"line":177,"column":2},"end":{"line":177,"column":null}},"72":{"start":{"line":178,"column":2},"end":{"line":178,"column":null}},"73":{"start":{"line":179,"column":2},"end":{"line":179,"column":null}},"74":{"start":{"line":186,"column":15},"end":{"line":186,"column":null}},"75":{"start":{"line":187,"column":24},"end":{"line":187,"column":null}},"76":{"start":{"line":187,"column":45},"end":{"line":187,"column":null}},"77":{"start":{"line":188,"column":2},"end":{"line":193,"column":null}},"78":{"start":{"line":189,"column":4},"end":{"line":192,"column":null}},"79":{"start":{"line":195,"column":2},"end":{"line":195,"column":null}},"80":{"start":{"line":197,"column":8},"end":{"line":197,"column":null}},"81":{"start":{"line":198,"column":29},"end":{"line":198,"column":null}},"82":{"start":{"line":200,"column":30},"end":{"line":219,"column":null}},"83":{"start":{"line":201,"column":4},"end":{"line":203,"column":null}},"84":{"start":{"line":202,"column":6},"end":{"line":202,"column":null}},"85":{"start":{"line":205,"column":28},"end":{"line":205,"column":null}},"86":{"start":{"line":205,"column":65},"end":{"line":205,"column":null}},"87":{"start":{"line":206,"column":4},"end":{"line":206,"column":null}},"88":{"start":{"line":208,"column":4},"end":{"line":213,"column":null}},"89":{"start":{"line":209,"column":6},"end":{"line":212,"column":null}},"90":{"start":{"line":215,"column":4},"end":{"line":218,"column":null}},"91":{"start":{"line":221,"column":2},"end":{"line":223,"column":null}},"92":{"start":{"line":222,"column":4},"end":{"line":222,"column":null}},"93":{"start":{"line":225,"column":2},"end":{"line":228,"column":null}}},"fnMap":{"0":{"name":"isRecord","decl":{"start":{"line":21,"column":9},"end":{"line":21,"column":18}},"loc":{"start":{"line":21,"column":32},"end":{"line":23,"column":null}},"line":21},"1":{"name":"normalizeTagName","decl":{"start":{"line":25,"column":9},"end":{"line":25,"column":26}},"loc":{"start":{"line":25,"column":39},"end":{"line":27,"column":null}},"line":25},"2":{"name":"normalizeTagColor","decl":{"start":{"line":29,"column":9},"end":{"line":29,"column":27}},"loc":{"start":{"line":29,"column":52},"end":{"line":46,"column":null}},"line":29},"3":{"name":"parseTag","decl":{"start":{"line":48,"column":9},"end":{"line":48,"column":18}},"loc":{"start":{"line":48,"column":32},"end":{"line":71,"column":null}},"line":48},"4":{"name":"hasTagNameConflict","decl":{"start":{"line":73,"column":9},"end":{"line":73,"column":28}},"loc":{"start":{"line":73,"column":86},"end":{"line":76,"column":null}},"line":73},"5":{"name":"(anonymous_5)","decl":{"start":{"line":75,"column":19},"end":{"line":75,"column":20}},"loc":{"start":{"line":75,"column":28},"end":{"line":75,"column":null}},"line":75},"6":{"name":"createUniqueTagId","decl":{"start":{"line":78,"column":16},"end":{"line":78,"column":34}},"loc":{"start":{"line":78,"column":58},"end":{"line":85,"column":null}},"line":78},"7":{"name":"saveTags","decl":{"start":{"line":87,"column":16},"end":{"line":87,"column":25}},"loc":{"start":{"line":87,"column":36},"end":{"line":89,"column":null}},"line":87},"8":{"name":"loadTags","decl":{"start":{"line":91,"column":16},"end":{"line":91,"column":null}},"loc":{"start":{"line":91,"column":16},"end":{"line":115,"column":null}},"line":91},"9":{"name":"(anonymous_9)","decl":{"start":{"line":104,"column":11},"end":{"line":104,"column":12}},"loc":{"start":{"line":104,"column":20},"end":{"line":104,"column":null}},"line":104},"10":{"name":"(anonymous_10)","decl":{"start":{"line":105,"column":14},"end":{"line":105,"column":15}},"loc":{"start":{"line":105,"column":35},"end":{"line":105,"column":null}},"line":105},"11":{"name":"addTag","decl":{"start":{"line":117,"column":16},"end":{"line":117,"column":23}},"loc":{"start":{"line":120,"column":1},"end":{"line":144,"column":null}},"line":120},"12":{"name":"(anonymous_12)","decl":{"start":{"line":132,"column":39},"end":{"line":132,"column":40}},"loc":{"start":{"line":132,"column":48},"end":{"line":132,"column":54}},"line":132},"13":{"name":"updateTag","decl":{"start":{"line":146,"column":16},"end":{"line":146,"column":null}},"loc":{"start":{"line":148,"column":63},"end":{"line":180,"column":null}},"line":148},"14":{"name":"(anonymous_14)","decl":{"start":{"line":151,"column":34},"end":{"line":151,"column":35}},"loc":{"start":{"line":151,"column":43},"end":{"line":151,"column":null}},"line":151},"15":{"name":"deleteTag","decl":{"start":{"line":182,"column":16},"end":{"line":182,"column":26}},"loc":{"start":{"line":182,"column":36},"end":{"line":229,"column":null}},"line":182},"16":{"name":"(anonymous_16)","decl":{"start":{"line":187,"column":36},"end":{"line":187,"column":37}},"loc":{"start":{"line":187,"column":45},"end":{"line":187,"column":null}},"line":187},"17":{"name":"(anonymous_17)","decl":{"start":{"line":200,"column":47},"end":{"line":200,"column":48}},"loc":{"start":{"line":200,"column":48},"end":{"line":219,"column":null}},"line":200},"18":{"name":"(anonymous_18)","decl":{"start":{"line":205,"column":54},"end":{"line":205,"column":55}},"loc":{"start":{"line":205,"column":65},"end":{"line":205,"column":null}},"line":205}},"branchMap":{"0":{"loc":{"start":{"line":22,"column":9},"end":{"line":22,"column":null}},"type":"binary-expr","locations":[{"start":{"line":22,"column":9},"end":{"line":22,"column":38}},{"start":{"line":22,"column":38},"end":{"line":22,"column":null}}],"line":22},"1":{"loc":{"start":{"line":30,"column":2},"end":{"line":32,"column":null}},"type":"if","locations":[{"start":{"line":30,"column":2},"end":{"line":32,"column":null}},{"start":{},"end":{}}],"line":30},"2":{"loc":{"start":{"line":35,"column":2},"end":{"line":37,"column":null}},"type":"if","locations":[{"start":{"line":35,"column":2},"end":{"line":37,"column":null}},{"start":{},"end":{}}],"line":35},"3":{"loc":{"start":{"line":39,"column":21},"end":{"line":41,"column":null}},"type":"cond-expr","locations":[{"start":{"line":40,"column":6},"end":{"line":40,"column":null}},{"start":{"line":41,"column":6},"end":{"line":41,"column":null}}],"line":39},"4":{"loc":{"start":{"line":43,"column":9},"end":{"line":45,"column":null}},"type":"cond-expr","locations":[{"start":{"line":44,"column":6},"end":{"line":44,"column":null}},{"start":{"line":45,"column":6},"end":{"line":45,"column":null}}],"line":43},"5":{"loc":{"start":{"line":49,"column":2},"end":{"line":51,"column":null}},"type":"if","locations":[{"start":{"line":49,"column":2},"end":{"line":51,"column":null}},{"start":{},"end":{}}],"line":49},"6":{"loc":{"start":{"line":53,"column":13},"end":{"line":53,"column":null}},"type":"cond-expr","locations":[{"start":{"line":53,"column":44},"end":{"line":53,"column":62}},{"start":{"line":53,"column":62},"end":{"line":53,"column":null}}],"line":53},"7":{"loc":{"start":{"line":54,"column":15},"end":{"line":54,"column":null}},"type":"cond-expr","locations":[{"start":{"line":54,"column":48},"end":{"line":54,"column":79}},{"start":{"line":54,"column":79},"end":{"line":54,"column":null}}],"line":54},"8":{"loc":{"start":{"line":55,"column":20},"end":{"line":55,"column":null}},"type":"cond-expr","locations":[{"start":{"line":55,"column":58},"end":{"line":55,"column":83}},{"start":{"line":55,"column":83},"end":{"line":55,"column":null}}],"line":55},"9":{"loc":{"start":{"line":56,"column":20},"end":{"line":56,"column":null}},"type":"cond-expr","locations":[{"start":{"line":56,"column":58},"end":{"line":56,"column":83}},{"start":{"line":56,"column":83},"end":{"line":56,"column":null}}],"line":56},"10":{"loc":{"start":{"line":58,"column":2},"end":{"line":60,"column":null}},"type":"if","locations":[{"start":{"line":58,"column":2},"end":{"line":60,"column":null}},{"start":{},"end":{}}],"line":58},"11":{"loc":{"start":{"line":58,"column":6},"end":{"line":58,"column":48}},"type":"binary-expr","locations":[{"start":{"line":58,"column":6},"end":{"line":58,"column":13}},{"start":{"line":58,"column":13},"end":{"line":58,"column":22}},{"start":{"line":58,"column":22},"end":{"line":58,"column":36}},{"start":{"line":58,"column":36},"end":{"line":58,"column":48}}],"line":58},"12":{"loc":{"start":{"line":62,"column":34},"end":{"line":62,"column":null}},"type":"cond-expr","locations":[{"start":{"line":62,"column":68},"end":{"line":62,"column":79}},{"start":{"line":62,"column":82},"end":{"line":62,"column":null}}],"line":62},"13":{"loc":{"start":{"line":75,"column":28},"end":{"line":75,"column":null}},"type":"binary-expr","locations":[{"start":{"line":75,"column":28},"end":{"line":75,"column":55}},{"start":{"line":75,"column":55},"end":{"line":75,"column":null}}],"line":75},"14":{"loc":{"start":{"line":94,"column":4},"end":{"line":96,"column":null}},"type":"if","locations":[{"start":{"line":94,"column":4},"end":{"line":96,"column":null}},{"start":{},"end":{}}],"line":94},"15":{"loc":{"start":{"line":99,"column":4},"end":{"line":101,"column":null}},"type":"if","locations":[{"start":{"line":99,"column":4},"end":{"line":101,"column":null}},{"start":{},"end":{}}],"line":99},"16":{"loc":{"start":{"line":107,"column":4},"end":{"line":109,"column":null}},"type":"if","locations":[{"start":{"line":107,"column":4},"end":{"line":109,"column":null}},{"start":{},"end":{}}],"line":107},"17":{"loc":{"start":{"line":123,"column":2},"end":{"line":125,"column":null}},"type":"if","locations":[{"start":{"line":123,"column":2},"end":{"line":125,"column":null}},{"start":{},"end":{}}],"line":123},"18":{"loc":{"start":{"line":127,"column":2},"end":{"line":129,"column":null}},"type":"if","locations":[{"start":{"line":127,"column":2},"end":{"line":129,"column":null}},{"start":{},"end":{}}],"line":127},"19":{"loc":{"start":{"line":152,"column":2},"end":{"line":154,"column":null}},"type":"if","locations":[{"start":{"line":152,"column":2},"end":{"line":154,"column":null}},{"start":{},"end":{}}],"line":152},"20":{"loc":{"start":{"line":157,"column":19},"end":{"line":159,"column":null}},"type":"cond-expr","locations":[{"start":{"line":158,"column":6},"end":{"line":158,"column":21}},{"start":{"line":159,"column":6},"end":{"line":159,"column":null}}],"line":157},"21":{"loc":{"start":{"line":160,"column":2},"end":{"line":162,"column":null}},"type":"if","locations":[{"start":{"line":160,"column":2},"end":{"line":162,"column":null}},{"start":{},"end":{}}],"line":160},"22":{"loc":{"start":{"line":164,"column":2},"end":{"line":166,"column":null}},"type":"if","locations":[{"start":{"line":164,"column":2},"end":{"line":166,"column":null}},{"start":{},"end":{}}],"line":164},"23":{"loc":{"start":{"line":171,"column":11},"end":{"line":173,"column":null}},"type":"cond-expr","locations":[{"start":{"line":172,"column":8},"end":{"line":172,"column":24}},{"start":{"line":173,"column":8},"end":{"line":173,"column":null}}],"line":171},"24":{"loc":{"start":{"line":188,"column":2},"end":{"line":193,"column":null}},"type":"if","locations":[{"start":{"line":188,"column":2},"end":{"line":193,"column":null}},{"start":{},"end":{}}],"line":188},"25":{"loc":{"start":{"line":201,"column":4},"end":{"line":203,"column":null}},"type":"if","locations":[{"start":{"line":201,"column":4},"end":{"line":203,"column":null}},{"start":{},"end":{}}],"line":201},"26":{"loc":{"start":{"line":201,"column":8},"end":{"line":201,"column":100}},"type":"binary-expr","locations":[{"start":{"line":201,"column":8},"end":{"line":201,"column":27}},{"start":{"line":201,"column":31},"end":{"line":201,"column":66}},{"start":{"line":201,"column":66},"end":{"line":201,"column":100}}],"line":201},"27":{"loc":{"start":{"line":208,"column":4},"end":{"line":213,"column":null}},"type":"if","locations":[{"start":{"line":208,"column":4},"end":{"line":213,"column":null}},{"start":{},"end":{}}],"line":208},"28":{"loc":{"start":{"line":221,"column":2},"end":{"line":223,"column":null}},"type":"if","locations":[{"start":{"line":221,"column":2},"end":{"line":223,"column":null}},{"start":{},"end":{}}],"line":221}},"s":{"0":1,"1":1,"2":1,"3":1,"4":1,"5":9,"6":18,"7":16,"8":0,"9":16,"10":16,"11":0,"12":16,"13":16,"14":9,"15":0,"16":9,"17":9,"18":9,"19":9,"20":9,"21":0,"22":9,"23":9,"24":9,"25":9,"26":4,"27":7,"28":7,"29":7,"30":7,"31":8,"32":12,"33":12,"34":12,"35":5,"36":7,"37":7,"38":0,"39":7,"40":9,"41":9,"42":7,"43":0,"44":7,"45":0,"46":8,"47":8,"48":8,"49":0,"50":8,"51":1,"52":7,"53":7,"54":2,"55":7,"56":7,"57":7,"58":7,"59":1,"60":1,"61":2,"62":1,"63":0,"64":1,"65":1,"66":1,"67":0,"68":1,"69":1,"70":0,"71":1,"72":1,"73":1,"74":1,"75":1,"76":2,"77":1,"78":0,"79":1,"80":1,"81":1,"82":1,"83":2,"84":0,"85":2,"86":3,"87":2,"88":2,"89":1,"90":1,"91":1,"92":1,"93":1},"f":{"0":9,"1":18,"2":16,"3":9,"4":9,"5":4,"6":7,"7":8,"8":12,"9":9,"10":9,"11":8,"12":2,"13":1,"14":2,"15":1,"16":2,"17":2,"18":3},"b":{"0":[9,9],"1":[0,16],"2":[0,16],"3":[16,0],"4":[15,1],"5":[0,9],"6":[9,0],"7":[9,0],"8":[9,0],"9":[9,0],"10":[0,9],"11":[9,9,9,9],"12":[9,0],"13":[4,4],"14":[5,7],"15":[0,7],"16":[0,7],"17":[0,8],"18":[1,7],"19":[0,1],"20":[0,1],"21":[0,1],"22":[1,0],"23":[0,0],"24":[0,1],"25":[0,2],"26":[2,2,2],"27":[1,1],"28":[1,0]},"meta":{"lastBranch":29,"lastFunction":19,"lastStatement":94,"seen":{"s:4:17:4:Infinity":0,"s:5:26:5:Infinity":1,"s:7:33:7:Infinity":2,"s:9:33:17:Infinity":3,"s:19:29:19:Infinity":4,"f:21:9:21:18":0,"s:22:2:22:Infinity":5,"b:22:9:22:38:22:38:22:Infinity":0,"f:25:9:25:26":1,"s:26:2:26:Infinity":6,"f:29:9:29:27":2,"b:30:2:32:Infinity:undefined:undefined:undefined:undefined":1,"s:30:2:32:Infinity":7,"s:31:4:31:Infinity":8,"s:34:18:34:Infinity":9,"b:35:2:37:Infinity:undefined:undefined:undefined:undefined":2,"s:35:2:37:Infinity":10,"s:36:4:36:Infinity":11,"s:39:21:41:Infinity":12,"b:40:6:40:Infinity:41:6:41:Infinity":3,"s:43:2:45:Infinity":13,"b:44:6:44:Infinity:45:6:45:Infinity":4,"f:48:9:48:18":3,"b:49:2:51:Infinity:undefined:undefined:undefined:undefined":5,"s:49:2:51:Infinity":14,"s:50:4:50:Infinity":15,"s:53:13:53:Infinity":16,"b:53:44:53:62:53:62:53:Infinity":6,"s:54:15:54:Infinity":17,"b:54:48:54:79:54:79:54:Infinity":7,"s:55:20:55:Infinity":18,"b:55:58:55:83:55:83:55:Infinity":8,"s:56:20:56:Infinity":19,"b:56:58:56:83:56:83:56:Infinity":9,"b:58:2:60:Infinity:undefined:undefined:undefined:undefined":10,"s:58:2:60:Infinity":20,"b:58:6:58:13:58:13:58:22:58:22:58:36:58:36:58:48":11,"s:59:4:59:Infinity":21,"s:62:16:62:Infinity":22,"b:62:68:62:79:62:82:62:Infinity":12,"s:64:2:70:Infinity":23,"f:73:9:73:28":4,"s:74:34:74:Infinity":24,"s:75:2:75:Infinity":25,"f:75:19:75:20":5,"s:75:28:75:Infinity":26,"b:75:28:75:55:75:55:75:Infinity":13,"f:78:16:78:34":6,"s:79:18:79:Infinity":27,"s:80:2:82:Infinity":28,"s:81:4:81:Infinity":29,"s:84:2:84:Infinity":30,"f:87:16:87:25":7,"s:88:2:88:Infinity":31,"f:91:16:91:Infinity":8,"s:92:2:114:Infinity":32,"s:93:16:93:Infinity":33,"b:94:4:96:Infinity:undefined:undefined:undefined:undefined":14,"s:94:4:96:Infinity":34,"s:95:6:95:Infinity":35,"s:98:19:98:Infinity":36,"b:99:4:101:Infinity:undefined:undefined:undefined:undefined":15,"s:99:4:101:Infinity":37,"s:100:6:100:Infinity":38,"s:103:27:105:Infinity":39,"f:104:11:104:12":9,"s:104:20:104:Infinity":40,"f:105:14:105:15":10,"s:105:35:105:Infinity":41,"b:107:4:109:Infinity:undefined:undefined:undefined:undefined":16,"s:107:4:109:Infinity":42,"s:108:6:108:Infinity":43,"s:111:4:111:Infinity":44,"s:113:4:113:Infinity":45,"f:117:16:117:23":11,"s:121:15:121:Infinity":46,"s:122:15:122:Infinity":47,"b:123:2:125:Infinity:undefined:undefined:undefined:undefined":17,"s:123:2:125:Infinity":48,"s:124:4:124:Infinity":49,"b:127:2:129:Infinity:undefined:undefined:undefined:undefined":18,"s:127:2:129:Infinity":50,"s:128:4:128:Infinity":51,"s:131:14:131:Infinity":52,"s:132:22:132:Infinity":53,"f:132:39:132:40":12,"s:132:48:132:54":54,"s:133:23:139:Infinity":55,"s:141:2:141:Infinity":56,"s:142:2:142:Infinity":57,"s:143:2:143:Infinity":58,"f:146:16:146:Infinity":13,"s:150:15:150:Infinity":59,"s:151:19:151:Infinity":60,"f:151:34:151:35":14,"s:151:43:151:Infinity":61,"b:152:2:154:Infinity:undefined:undefined:undefined:undefined":19,"s:152:2:154:Infinity":62,"s:153:4:153:Infinity":63,"s:156:21:156:35":64,"s:157:19:159:Infinity":65,"b:158:6:158:21:159:6:159:Infinity":20,"b:160:2:162:Infinity:undefined:undefined:undefined:undefined":21,"s:160:2:162:Infinity":66,"s:161:4:161:Infinity":67,"b:164:2:166:Infinity:undefined:undefined:undefined:undefined":22,"s:164:2:166:Infinity":68,"s:165:4:165:Infinity":69,"s:168:23:175:Infinity":70,"b:172:8:172:24:173:8:173:Infinity":23,"s:177:2:177:Infinity":71,"s:178:2:178:Infinity":72,"s:179:2:179:Infinity":73,"f:182:16:182:26":15,"s:186:15:186:Infinity":74,"s:187:24:187:Infinity":75,"f:187:36:187:37":16,"s:187:45:187:Infinity":76,"b:188:2:193:Infinity:undefined:undefined:undefined:undefined":24,"s:188:2:193:Infinity":77,"s:189:4:192:Infinity":78,"s:195:2:195:Infinity":79,"s:197:8:197:Infinity":80,"s:198:29:198:Infinity":81,"s:200:30:219:Infinity":82,"f:200:47:200:48":17,"b:201:4:203:Infinity:undefined:undefined:undefined:undefined":25,"s:201:4:203:Infinity":83,"b:201:8:201:27:201:31:201:66:201:66:201:100":26,"s:202:6:202:Infinity":84,"s:205:28:205:Infinity":85,"f:205:54:205:55":18,"s:205:65:205:Infinity":86,"s:206:4:206:Infinity":87,"b:208:4:213:Infinity:undefined:undefined:undefined:undefined":27,"s:208:4:213:Infinity":88,"s:209:6:212:Infinity":89,"s:215:4:218:Infinity":90,"b:221:2:223:Infinity:undefined:undefined:undefined:undefined":28,"s:221:2:223:Infinity":91,"s:222:4:222:Infinity":92,"s:225:2:228:Infinity":93}}}
,"/home/leo/gitrepo/melomoney/src/lib/transaction-storage.ts": {"path":"/home/leo/gitrepo/melomoney/src/lib/transaction-storage.ts","statementMap":{"0":{"start":{"line":3,"column":25},"end":{"line":3,"column":null}},"1":{"start":{"line":4,"column":20},"end":{"line":4,"column":null}},"2":{"start":{"line":5,"column":31},"end":{"line":5,"column":null}},"3":{"start":{"line":8,"column":2},"end":{"line":10,"column":null}},"4":{"start":{"line":9,"column":4},"end":{"line":9,"column":null}},"5":{"start":{"line":12,"column":21},"end":{"line":17,"column":null}},"6":{"start":{"line":15,"column":44},"end":{"line":15,"column":null}},"7":{"start":{"line":16,"column":24},"end":{"line":16,"column":null}},"8":{"start":{"line":17,"column":27},"end":{"line":17,"column":null}},"9":{"start":{"line":21,"column":2},"end":{"line":21,"column":null}},"10":{"start":{"line":25,"column":2},"end":{"line":27,"column":null}},"11":{"start":{"line":26,"column":4},"end":{"line":26,"column":null}},"12":{"start":{"line":28,"column":2},"end":{"line":30,"column":null}},"13":{"start":{"line":29,"column":4},"end":{"line":29,"column":null}},"14":{"start":{"line":31,"column":2},"end":{"line":33,"column":null}},"15":{"start":{"line":32,"column":4},"end":{"line":32,"column":null}},"16":{"start":{"line":35,"column":2},"end":{"line":39,"column":null}},"17":{"start":{"line":35,"column":19},"end":{"line":35,"column":22}},"18":{"start":{"line":36,"column":4},"end":{"line":38,"column":null}},"19":{"start":{"line":37,"column":6},"end":{"line":37,"column":null}},"20":{"start":{"line":41,"column":2},"end":{"line":41,"column":null}},"21":{"start":{"line":45,"column":2},"end":{"line":47,"column":null}},"22":{"start":{"line":46,"column":4},"end":{"line":46,"column":null}},"23":{"start":{"line":49,"column":2},"end":{"line":70,"column":null}},"24":{"start":{"line":50,"column":26},"end":{"line":52,"column":null}},"25":{"start":{"line":53,"column":23},"end":{"line":53,"column":null}},"26":{"start":{"line":55,"column":4},"end":{"line":57,"column":null}},"27":{"start":{"line":56,"column":6},"end":{"line":56,"column":null}},"28":{"start":{"line":59,"column":4},"end":{"line":64,"column":null}},"29":{"start":{"line":60,"column":6},"end":{"line":63,"column":null}},"30":{"start":{"line":66,"column":4},"end":{"line":69,"column":null}},"31":{"start":{"line":74,"column":2},"end":{"line":76,"column":null}},"32":{"start":{"line":75,"column":4},"end":{"line":75,"column":null}},"33":{"start":{"line":78,"column":21},"end":{"line":100,"column":null}},"34":{"start":{"line":79,"column":23},"end":{"line":79,"column":null}},"35":{"start":{"line":80,"column":22},"end":{"line":80,"column":null}},"36":{"start":{"line":82,"column":4},"end":{"line":90,"column":null}},"37":{"start":{"line":83,"column":6},"end":{"line":88,"column":null}},"38":{"start":{"line":84,"column":8},"end":{"line":87,"column":null}},"39":{"start":{"line":89,"column":6},"end":{"line":89,"column":null}},"40":{"start":{"line":92,"column":4},"end":{"line":97,"column":null}},"41":{"start":{"line":93,"column":6},"end":{"line":96,"column":null}},"42":{"start":{"line":99,"column":4},"end":{"line":99,"column":null}},"43":{"start":{"line":102,"column":26},"end":{"line":102,"column":null}},"44":{"start":{"line":103,"column":2},"end":{"line":110,"column":null}},"45":{"start":{"line":104,"column":4},"end":{"line":106,"column":null}},"46":{"start":{"line":105,"column":6},"end":{"line":105,"column":null}},"47":{"start":{"line":107,"column":21},"end":{"line":107,"column":74}},"48":{"start":{"line":108,"column":4},"end":{"line":108,"column":null}},"49":{"start":{"line":109,"column":4},"end":{"line":109,"column":null}},"50":{"start":{"line":112,"column":2},"end":{"line":152,"column":null}},"51":{"start":{"line":113,"column":4},"end":{"line":123,"column":null}},"52":{"start":{"line":114,"column":6},"end":{"line":121,"column":null}},"53":{"start":{"line":115,"column":28},"end":{"line":115,"column":45}},"54":{"start":{"line":116,"column":8},"end":{"line":120,"column":null}},"55":{"start":{"line":122,"column":6},"end":{"line":122,"column":null}},"56":{"start":{"line":125,"column":36},"end":{"line":125,"column":null}},"57":{"start":{"line":126,"column":17},"end":{"line":126,"column":38}},"58":{"start":{"line":127,"column":18},"end":{"line":127,"column":40}},"59":{"start":{"line":129,"column":29},"end":{"line":130,"column":null}},"60":{"start":{"line":132,"column":4},"end":{"line":142,"column":null}},"61":{"start":{"line":133,"column":6},"end":{"line":136,"column":null}},"62":{"start":{"line":137,"column":6},"end":{"line":140,"column":null}},"63":{"start":{"line":141,"column":6},"end":{"line":141,"column":null}},"64":{"start":{"line":144,"column":4},"end":{"line":147,"column":null}},"65":{"start":{"line":148,"column":4},"end":{"line":151,"column":null}},"66":{"start":{"line":154,"column":2},"end":{"line":154,"column":null}},"67":{"start":{"line":158,"column":2},"end":{"line":161,"column":null}},"68":{"start":{"line":172,"column":2},"end":{"line":191,"column":null}},"69":{"start":{"line":173,"column":16},"end":{"line":173,"column":null}},"70":{"start":{"line":174,"column":4},"end":{"line":174,"column":null}},"71":{"start":{"line":174,"column":14},"end":{"line":174,"column":null}},"72":{"start":{"line":176,"column":19},"end":{"line":176,"column":null}},"73":{"start":{"line":177,"column":4},"end":{"line":177,"column":null}},"74":{"start":{"line":177,"column":32},"end":{"line":177,"column":null}},"75":{"start":{"line":179,"column":25},"end":{"line":179,"column":null}},"76":{"start":{"line":180,"column":20},"end":{"line":180,"column":null}},"77":{"start":{"line":180,"column":57},"end":{"line":180,"column":null}},"78":{"start":{"line":181,"column":27},"end":{"line":181,"column":null}},"79":{"start":{"line":182,"column":23},"end":{"line":182,"column":null}},"80":{"start":{"line":184,"column":4},"end":{"line":186,"column":null}},"81":{"start":{"line":185,"column":6},"end":{"line":185,"column":null}},"82":{"start":{"line":188,"column":4},"end":{"line":188,"column":null}},"83":{"start":{"line":190,"column":4},"end":{"line":190,"column":null}},"84":{"start":{"line":198,"column":25},"end":{"line":198,"column":null}},"85":{"start":{"line":199,"column":21},"end":{"line":199,"column":null}},"86":{"start":{"line":200,"column":2},"end":{"line":200,"column":null}},"87":{"start":{"line":207,"column":19},"end":{"line":207,"column":null}},"88":{"start":{"line":208,"column":18},"end":{"line":208,"column":null}},"89":{"start":{"line":209,"column":2},"end":{"line":209,"column":null}},"90":{"start":{"line":210,"column":2},"end":{"line":210,"column":null}},"91":{"start":{"line":219,"column":2},"end":{"line":225,"column":null}},"92":{"start":{"line":220,"column":16},"end":{"line":220,"column":null}},"93":{"start":{"line":221,"column":4},"end":{"line":221,"column":null}},"94":{"start":{"line":221,"column":14},"end":{"line":221,"column":null}},"95":{"start":{"line":222,"column":4},"end":{"line":222,"column":null}},"96":{"start":{"line":224,"column":4},"end":{"line":224,"column":null}},"97":{"start":{"line":232,"column":18},"end":{"line":232,"column":null}},"98":{"start":{"line":233,"column":32},"end":{"line":236,"column":null}},"99":{"start":{"line":237,"column":2},"end":{"line":237,"column":null}},"100":{"start":{"line":238,"column":2},"end":{"line":238,"column":null}},"101":{"start":{"line":239,"column":2},"end":{"line":239,"column":null}},"102":{"start":{"line":246,"column":18},"end":{"line":246,"column":null}},"103":{"start":{"line":247,"column":25},"end":{"line":247,"column":null}},"104":{"start":{"line":248,"column":41},"end":{"line":248,"column":null}},"105":{"start":{"line":250,"column":25},"end":{"line":260,"column":null}},"106":{"start":{"line":251,"column":4},"end":{"line":253,"column":null}},"107":{"start":{"line":252,"column":6},"end":{"line":252,"column":null}},"108":{"start":{"line":255,"column":4},"end":{"line":258,"column":null}},"109":{"start":{"line":259,"column":4},"end":{"line":259,"column":null}},"110":{"start":{"line":262,"column":2},"end":{"line":264,"column":null}},"111":{"start":{"line":263,"column":4},"end":{"line":263,"column":null}},"112":{"start":{"line":266,"column":2},"end":{"line":266,"column":null}},"113":{"start":{"line":267,"column":2},"end":{"line":267,"column":null}},"114":{"start":{"line":277,"column":18},"end":{"line":277,"column":null}},"115":{"start":{"line":278,"column":23},"end":{"line":278,"column":null}},"116":{"start":{"line":278,"column":47},"end":{"line":278,"column":72}},"117":{"start":{"line":280,"column":2},"end":{"line":285,"column":null}},"118":{"start":{"line":281,"column":4},"end":{"line":284,"column":null}},"119":{"start":{"line":287,"column":27},"end":{"line":287,"column":null}},"120":{"start":{"line":287,"column":53},"end":{"line":287,"column":null}},"121":{"start":{"line":288,"column":2},"end":{"line":288,"column":null}},"122":{"start":{"line":290,"column":23},"end":{"line":290,"column":null}},"123":{"start":{"line":291,"column":32},"end":{"line":292,"column":null}},"124":{"start":{"line":292,"column":21},"end":{"line":292,"column":null}},"125":{"start":{"line":294,"column":30},"end":{"line":294,"column":80}},"126":{"start":{"line":295,"column":2},"end":{"line":295,"column":null}},"127":{"start":{"line":297,"column":2},"end":{"line":300,"column":null}},"128":{"start":{"line":307,"column":18},"end":{"line":307,"column":null}},"129":{"start":{"line":308,"column":2},"end":{"line":308,"column":null}},"130":{"start":{"line":308,"column":28},"end":{"line":308,"column":null}},"131":{"start":{"line":310,"column":23},"end":{"line":310,"column":null}},"132":{"start":{"line":311,"column":23},"end":{"line":311,"column":null}},"133":{"start":{"line":312,"column":2},"end":{"line":316,"column":null}},"134":{"start":{"line":313,"column":4},"end":{"line":315,"column":null}},"135":{"start":{"line":314,"column":6},"end":{"line":314,"column":null}},"136":{"start":{"line":318,"column":27},"end":{"line":318,"column":null}},"137":{"start":{"line":318,"column":53},"end":{"line":318,"column":null}},"138":{"start":{"line":319,"column":23},"end":{"line":319,"column":63}},"139":{"start":{"line":321,"column":2},"end":{"line":323,"column":null}},"140":{"start":{"line":322,"column":4},"end":{"line":322,"column":null}},"141":{"start":{"line":325,"column":2},"end":{"line":325,"column":null}}},"fnMap":{"0":{"name":"normalizeTagIds","decl":{"start":{"line":7,"column":9},"end":{"line":7,"column":25}},"loc":{"start":{"line":7,"column":40},"end":{"line":22,"column":null}},"line":7},"1":{"name":"(anonymous_1)","decl":{"start":{"line":15,"column":16},"end":{"line":15,"column":17}},"loc":{"start":{"line":15,"column":44},"end":{"line":15,"column":null}},"line":15},"2":{"name":"(anonymous_2)","decl":{"start":{"line":16,"column":13},"end":{"line":16,"column":14}},"loc":{"start":{"line":16,"column":24},"end":{"line":16,"column":null}},"line":16},"3":{"name":"(anonymous_3)","decl":{"start":{"line":17,"column":16},"end":{"line":17,"column":17}},"loc":{"start":{"line":17,"column":27},"end":{"line":17,"column":null}},"line":17},"4":{"name":"areTagIdListsEqual","decl":{"start":{"line":24,"column":9},"end":{"line":24,"column":28}},"loc":{"start":{"line":24,"column":83},"end":{"line":42,"column":null}},"line":24},"5":{"name":"normalizeTransactionTags","decl":{"start":{"line":44,"column":9},"end":{"line":44,"column":34}},"loc":{"start":{"line":44,"column":61},"end":{"line":71,"column":null}},"line":44},"6":{"name":"(anonymous_6)","decl":{"start":{"line":49,"column":26},"end":{"line":49,"column":27}},"loc":{"start":{"line":49,"column":27},"end":{"line":70,"column":null}},"line":49},"7":{"name":"normalizeTransferPairs","decl":{"start":{"line":73,"column":9},"end":{"line":73,"column":32}},"loc":{"start":{"line":73,"column":59},"end":{"line":155,"column":null}},"line":73},"8":{"name":"(anonymous_8)","decl":{"start":{"line":78,"column":38},"end":{"line":78,"column":39}},"loc":{"start":{"line":78,"column":39},"end":{"line":100,"column":null}},"line":78},"9":{"name":"(anonymous_9)","decl":{"start":{"line":103,"column":21},"end":{"line":103,"column":22}},"loc":{"start":{"line":103,"column":35},"end":{"line":110,"column":null}},"line":103},"10":{"name":"(anonymous_10)","decl":{"start":{"line":114,"column":22},"end":{"line":114,"column":23}},"loc":{"start":{"line":114,"column":23},"end":{"line":121,"column":null}},"line":114},"11":{"name":"isLegacyMockTransaction","decl":{"start":{"line":157,"column":9},"end":{"line":157,"column":33}},"loc":{"start":{"line":157,"column":57},"end":{"line":163,"column":null}},"line":157},"12":{"name":"loadTransactions","decl":{"start":{"line":171,"column":16},"end":{"line":171,"column":null}},"loc":{"start":{"line":171,"column":16},"end":{"line":192,"column":null}},"line":171},"13":{"name":"(anonymous_13)","decl":{"start":{"line":180,"column":40},"end":{"line":180,"column":41}},"loc":{"start":{"line":180,"column":57},"end":{"line":180,"column":null}},"line":180},"14":{"name":"saveTransactions","decl":{"start":{"line":197,"column":16},"end":{"line":197,"column":33}},"loc":{"start":{"line":197,"column":60},"end":{"line":201,"column":null}},"line":197},"15":{"name":"addTransactions","decl":{"start":{"line":206,"column":16},"end":{"line":206,"column":32}},"loc":{"start":{"line":206,"column":62},"end":{"line":211,"column":null}},"line":206},"16":{"name":"loadImportBatches","decl":{"start":{"line":218,"column":16},"end":{"line":218,"column":null}},"loc":{"start":{"line":218,"column":16},"end":{"line":226,"column":null}},"line":218},"17":{"name":"saveImportBatch","decl":{"start":{"line":231,"column":16},"end":{"line":231,"column":32}},"loc":{"start":{"line":231,"column":62},"end":{"line":240,"column":null}},"line":231},"18":{"name":"renameImportBatch","decl":{"start":{"line":245,"column":16},"end":{"line":245,"column":34}},"loc":{"start":{"line":245,"column":63},"end":{"line":268,"column":null}},"line":245},"19":{"name":"(anonymous_19)","decl":{"start":{"line":250,"column":37},"end":{"line":250,"column":38}},"loc":{"start":{"line":250,"column":38},"end":{"line":260,"column":null}},"line":250},"20":{"name":"deleteImportBatch","decl":{"start":{"line":273,"column":16},"end":{"line":273,"column":34}},"loc":{"start":{"line":273,"column":49},"end":{"line":301,"column":null}},"line":273},"21":{"name":"(anonymous_21)","decl":{"start":{"line":278,"column":36},"end":{"line":278,"column":37}},"loc":{"start":{"line":278,"column":47},"end":{"line":278,"column":72}},"line":278},"22":{"name":"(anonymous_22)","decl":{"start":{"line":287,"column":42},"end":{"line":287,"column":43}},"loc":{"start":{"line":287,"column":53},"end":{"line":287,"column":null}},"line":287},"23":{"name":"(anonymous_23)","decl":{"start":{"line":292,"column":4},"end":{"line":292,"column":5}},"loc":{"start":{"line":292,"column":21},"end":{"line":292,"column":null}},"line":292},"24":{"name":"pruneEmptyImportBatches","decl":{"start":{"line":306,"column":16},"end":{"line":306,"column":null}},"loc":{"start":{"line":306,"column":16},"end":{"line":326,"column":null}},"line":306},"25":{"name":"(anonymous_25)","decl":{"start":{"line":312,"column":23},"end":{"line":312,"column":24}},"loc":{"start":{"line":312,"column":24},"end":{"line":316,"column":null}},"line":312},"26":{"name":"(anonymous_26)","decl":{"start":{"line":318,"column":42},"end":{"line":318,"column":43}},"loc":{"start":{"line":318,"column":53},"end":{"line":318,"column":null}},"line":318}},"branchMap":{"0":{"loc":{"start":{"line":8,"column":2},"end":{"line":10,"column":null}},"type":"if","locations":[{"start":{"line":8,"column":2},"end":{"line":10,"column":null}},{"start":{},"end":{}}],"line":8},"1":{"loc":{"start":{"line":21,"column":9},"end":{"line":21,"column":null}},"type":"cond-expr","locations":[{"start":{"line":21,"column":33},"end":{"line":21,"column":46}},{"start":{"line":21,"column":46},"end":{"line":21,"column":null}}],"line":21},"2":{"loc":{"start":{"line":25,"column":2},"end":{"line":27,"column":null}},"type":"if","locations":[{"start":{"line":25,"column":2},"end":{"line":27,"column":null}},{"start":{},"end":{}}],"line":25},"3":{"loc":{"start":{"line":25,"column":6},"end":{"line":25,"column":49}},"type":"binary-expr","locations":[{"start":{"line":25,"column":6},"end":{"line":25,"column":28}},{"start":{"line":25,"column":28},"end":{"line":25,"column":49}}],"line":25},"4":{"loc":{"start":{"line":28,"column":2},"end":{"line":30,"column":null}},"type":"if","locations":[{"start":{"line":28,"column":2},"end":{"line":30,"column":null}},{"start":{},"end":{}}],"line":28},"5":{"loc":{"start":{"line":28,"column":6},"end":{"line":28,"column":49}},"type":"binary-expr","locations":[{"start":{"line":28,"column":6},"end":{"line":28,"column":28}},{"start":{"line":28,"column":28},"end":{"line":28,"column":49}}],"line":28},"6":{"loc":{"start":{"line":31,"column":2},"end":{"line":33,"column":null}},"type":"if","locations":[{"start":{"line":31,"column":2},"end":{"line":33,"column":null}},{"start":{},"end":{}}],"line":31},"7":{"loc":{"start":{"line":36,"column":4},"end":{"line":38,"column":null}},"type":"if","locations":[{"start":{"line":36,"column":4},"end":{"line":38,"column":null}},{"start":{},"end":{}}],"line":36},"8":{"loc":{"start":{"line":45,"column":2},"end":{"line":47,"column":null}},"type":"if","locations":[{"start":{"line":45,"column":2},"end":{"line":47,"column":null}},{"start":{},"end":{}}],"line":45},"9":{"loc":{"start":{"line":50,"column":26},"end":{"line":52,"column":null}},"type":"cond-expr","locations":[{"start":{"line":51,"column":8},"end":{"line":51,"column":26}},{"start":{"line":52,"column":8},"end":{"line":52,"column":null}}],"line":50},"10":{"loc":{"start":{"line":55,"column":4},"end":{"line":57,"column":null}},"type":"if","locations":[{"start":{"line":55,"column":4},"end":{"line":57,"column":null}},{"start":{},"end":{}}],"line":55},"11":{"loc":{"start":{"line":59,"column":4},"end":{"line":64,"column":null}},"type":"if","locations":[{"start":{"line":59,"column":4},"end":{"line":64,"column":null}},{"start":{},"end":{}}],"line":59},"12":{"loc":{"start":{"line":74,"column":2},"end":{"line":76,"column":null}},"type":"if","locations":[{"start":{"line":74,"column":2},"end":{"line":76,"column":null}},{"start":{},"end":{}}],"line":74},"13":{"loc":{"start":{"line":82,"column":4},"end":{"line":90,"column":null}},"type":"if","locations":[{"start":{"line":82,"column":4},"end":{"line":90,"column":null}},{"start":{},"end":{}}],"line":82},"14":{"loc":{"start":{"line":83,"column":6},"end":{"line":88,"column":null}},"type":"if","locations":[{"start":{"line":83,"column":6},"end":{"line":88,"column":null}},{"start":{},"end":{}}],"line":83},"15":{"loc":{"start":{"line":92,"column":4},"end":{"line":97,"column":null}},"type":"if","locations":[{"start":{"line":92,"column":4},"end":{"line":97,"column":null}},{"start":{},"end":{}}],"line":92},"16":{"loc":{"start":{"line":104,"column":4},"end":{"line":106,"column":null}},"type":"if","locations":[{"start":{"line":104,"column":4},"end":{"line":106,"column":null}},{"start":{},"end":{}}],"line":104},"17":{"loc":{"start":{"line":107,"column":21},"end":{"line":107,"column":74}},"type":"binary-expr","locations":[{"start":{"line":107,"column":21},"end":{"line":107,"column":72}},{"start":{"line":107,"column":72},"end":{"line":107,"column":74}}],"line":107},"18":{"loc":{"start":{"line":113,"column":4},"end":{"line":123,"column":null}},"type":"if","locations":[{"start":{"line":113,"column":4},"end":{"line":123,"column":null}},{"start":{},"end":{}}],"line":113},"19":{"loc":{"start":{"line":129,"column":29},"end":{"line":130,"column":null}},"type":"binary-expr","locations":[{"start":{"line":129,"column":29},"end":{"line":129,"column":49}},{"start":{"line":129,"column":49},"end":{"line":129,"column":null}},{"start":{"line":130,"column":10},"end":{"line":130,"column":29}},{"start":{"line":130,"column":29},"end":{"line":130,"column":null}}],"line":129},"20":{"loc":{"start":{"line":132,"column":4},"end":{"line":142,"column":null}},"type":"if","locations":[{"start":{"line":132,"column":4},"end":{"line":142,"column":null}},{"start":{},"end":{}}],"line":132},"21":{"loc":{"start":{"line":135,"column":26},"end":{"line":135,"column":null}},"type":"cond-expr","locations":[{"start":{"line":135,"column":44},"end":{"line":135,"column":55}},{"start":{"line":135,"column":55},"end":{"line":135,"column":null}}],"line":135},"22":{"loc":{"start":{"line":139,"column":26},"end":{"line":139,"column":null}},"type":"cond-expr","locations":[{"start":{"line":139,"column":45},"end":{"line":139,"column":56}},{"start":{"line":139,"column":56},"end":{"line":139,"column":null}}],"line":139},"23":{"loc":{"start":{"line":159,"column":4},"end":{"line":161,"column":27}},"type":"binary-expr","locations":[{"start":{"line":159,"column":4},"end":{"line":159,"column":null}},{"start":{"line":160,"column":7},"end":{"line":160,"column":33}},{"start":{"line":161,"column":7},"end":{"line":161,"column":27}}],"line":159},"24":{"loc":{"start":{"line":174,"column":4},"end":{"line":174,"column":null}},"type":"if","locations":[{"start":{"line":174,"column":4},"end":{"line":174,"column":null}},{"start":{},"end":{}}],"line":174},"25":{"loc":{"start":{"line":177,"column":4},"end":{"line":177,"column":null}},"type":"if","locations":[{"start":{"line":177,"column":4},"end":{"line":177,"column":null}},{"start":{},"end":{}}],"line":177},"26":{"loc":{"start":{"line":184,"column":4},"end":{"line":186,"column":null}},"type":"if","locations":[{"start":{"line":184,"column":4},"end":{"line":186,"column":null}},{"start":{},"end":{}}],"line":184},"27":{"loc":{"start":{"line":221,"column":4},"end":{"line":221,"column":null}},"type":"if","locations":[{"start":{"line":221,"column":4},"end":{"line":221,"column":null}},{"start":{},"end":{}}],"line":221},"28":{"loc":{"start":{"line":251,"column":4},"end":{"line":253,"column":null}},"type":"if","locations":[{"start":{"line":251,"column":4},"end":{"line":253,"column":null}},{"start":{},"end":{}}],"line":251},"29":{"loc":{"start":{"line":257,"column":12},"end":{"line":257,"column":null}},"type":"binary-expr","locations":[{"start":{"line":257,"column":12},"end":{"line":257,"column":30}},{"start":{"line":257,"column":30},"end":{"line":257,"column":null}}],"line":257},"30":{"loc":{"start":{"line":262,"column":2},"end":{"line":264,"column":null}},"type":"if","locations":[{"start":{"line":262,"column":2},"end":{"line":264,"column":null}},{"start":{},"end":{}}],"line":262},"31":{"loc":{"start":{"line":278,"column":23},"end":{"line":278,"column":null}},"type":"binary-expr","locations":[{"start":{"line":278,"column":23},"end":{"line":278,"column":72}},{"start":{"line":278,"column":72},"end":{"line":278,"column":null}}],"line":278},"32":{"loc":{"start":{"line":280,"column":2},"end":{"line":285,"column":null}},"type":"if","locations":[{"start":{"line":280,"column":2},"end":{"line":285,"column":null}},{"start":{},"end":{}}],"line":280},"33":{"loc":{"start":{"line":308,"column":2},"end":{"line":308,"column":null}},"type":"if","locations":[{"start":{"line":308,"column":2},"end":{"line":308,"column":null}},{"start":{},"end":{}}],"line":308},"34":{"loc":{"start":{"line":313,"column":4},"end":{"line":315,"column":null}},"type":"if","locations":[{"start":{"line":313,"column":4},"end":{"line":315,"column":null}},{"start":{},"end":{}}],"line":313},"35":{"loc":{"start":{"line":321,"column":2},"end":{"line":323,"column":null}},"type":"if","locations":[{"start":{"line":321,"column":2},"end":{"line":323,"column":null}},{"start":{},"end":{}}],"line":321}},"s":{"0":2,"1":2,"2":2,"3":19,"4":11,"5":8,"6":15,"7":15,"8":15,"9":8,"10":19,"11":11,"12":8,"13":0,"14":8,"15":1,"16":7,"17":7,"18":10,"19":0,"20":7,"21":12,"22":0,"23":12,"24":19,"25":19,"26":19,"27":18,"28":1,"29":0,"30":1,"31":12,"32":0,"33":12,"34":19,"35":19,"36":19,"37":12,"38":0,"39":12,"40":7,"41":1,"42":6,"43":12,"44":12,"45":19,"46":12,"47":7,"48":19,"49":19,"50":12,"51":4,"52":1,"53":1,"54":1,"55":1,"56":3,"57":3,"58":3,"59":3,"60":4,"61":3,"62":3,"63":3,"64":0,"65":0,"66":12,"67":10,"68":6,"69":6,"70":6,"71":0,"72":6,"73":6,"74":0,"75":6,"76":6,"77":10,"78":6,"79":6,"80":6,"81":1,"82":6,"83":0,"84":6,"85":6,"86":6,"87":0,"88":0,"89":0,"90":0,"91":0,"92":0,"93":0,"94":0,"95":0,"96":0,"97":0,"98":0,"99":0,"100":0,"101":0,"102":0,"103":0,"104":0,"105":0,"106":0,"107":0,"108":0,"109":0,"110":0,"111":0,"112":0,"113":0,"114":0,"115":0,"116":0,"117":0,"118":0,"119":0,"120":0,"121":0,"122":0,"123":0,"124":0,"125":0,"126":0,"127":0,"128":0,"129":0,"130":0,"131":0,"132":0,"133":0,"134":0,"135":0,"136":0,"137":0,"138":0,"139":0,"140":0,"141":0},"f":{"0":19,"1":15,"2":15,"3":15,"4":19,"5":12,"6":19,"7":12,"8":19,"9":19,"10":1,"11":10,"12":6,"13":10,"14":6,"15":0,"16":0,"17":0,"18":0,"19":0,"20":0,"21":0,"22":0,"23":0,"24":0,"25":0,"26":0},"b":{"0":[11,8],"1":[8,0],"2":[11,8],"3":[19,11],"4":[0,8],"5":[8,8],"6":[1,7],"7":[0,10],"8":[0,12],"9":[8,11],"10":[18,1],"11":[0,1],"12":[0,12],"13":[12,7],"14":[0,12],"15":[1,6],"16":[12,7],"17":[7,4],"18":[1,3],"19":[3,3,0,0],"20":[3,1],"21":[3,0],"22":[0,3],"23":[10,2,2],"24":[0,6],"25":[0,6],"26":[1,5],"27":[0,0],"28":[0,0],"29":[0,0],"30":[0,0],"31":[0,0],"32":[0,0],"33":[0,0],"34":[0,0],"35":[0,0]},"meta":{"lastBranch":36,"lastFunction":27,"lastStatement":142,"seen":{"s:3:25:3:Infinity":0,"s:4:20:4:Infinity":1,"s:5:31:5:Infinity":2,"f:7:9:7:25":0,"b:8:2:10:Infinity:undefined:undefined:undefined:undefined":0,"s:8:2:10:Infinity":3,"s:9:4:9:Infinity":4,"s:12:21:17:Infinity":5,"f:15:16:15:17":1,"s:15:44:15:Infinity":6,"f:16:13:16:14":2,"s:16:24:16:Infinity":7,"f:17:16:17:17":3,"s:17:27:17:Infinity":8,"s:21:2:21:Infinity":9,"b:21:33:21:46:21:46:21:Infinity":1,"f:24:9:24:28":4,"b:25:2:27:Infinity:undefined:undefined:undefined:undefined":2,"s:25:2:27:Infinity":10,"b:25:6:25:28:25:28:25:49":3,"s:26:4:26:Infinity":11,"b:28:2:30:Infinity:undefined:undefined:undefined:undefined":4,"s:28:2:30:Infinity":12,"b:28:6:28:28:28:28:28:49":5,"s:29:4:29:Infinity":13,"b:31:2:33:Infinity:undefined:undefined:undefined:undefined":6,"s:31:2:33:Infinity":14,"s:32:4:32:Infinity":15,"s:35:2:39:Infinity":16,"s:35:19:35:22":17,"b:36:4:38:Infinity:undefined:undefined:undefined:undefined":7,"s:36:4:38:Infinity":18,"s:37:6:37:Infinity":19,"s:41:2:41:Infinity":20,"f:44:9:44:34":5,"b:45:2:47:Infinity:undefined:undefined:undefined:undefined":8,"s:45:2:47:Infinity":21,"s:46:4:46:Infinity":22,"s:49:2:70:Infinity":23,"f:49:26:49:27":6,"s:50:26:52:Infinity":24,"b:51:8:51:26:52:8:52:Infinity":9,"s:53:23:53:Infinity":25,"b:55:4:57:Infinity:undefined:undefined:undefined:undefined":10,"s:55:4:57:Infinity":26,"s:56:6:56:Infinity":27,"b:59:4:64:Infinity:undefined:undefined:undefined:undefined":11,"s:59:4:64:Infinity":28,"s:60:6:63:Infinity":29,"s:66:4:69:Infinity":30,"f:73:9:73:32":7,"b:74:2:76:Infinity:undefined:undefined:undefined:undefined":12,"s:74:2:76:Infinity":31,"s:75:4:75:Infinity":32,"s:78:21:100:Infinity":33,"f:78:38:78:39":8,"s:79:23:79:Infinity":34,"s:80:22:80:Infinity":35,"b:82:4:90:Infinity:undefined:undefined:undefined:undefined":13,"s:82:4:90:Infinity":36,"b:83:6:88:Infinity:undefined:undefined:undefined:undefined":14,"s:83:6:88:Infinity":37,"s:84:8:87:Infinity":38,"s:89:6:89:Infinity":39,"b:92:4:97:Infinity:undefined:undefined:undefined:undefined":15,"s:92:4:97:Infinity":40,"s:93:6:96:Infinity":41,"s:99:4:99:Infinity":42,"s:102:26:102:Infinity":43,"s:103:2:110:Infinity":44,"f:103:21:103:22":9,"b:104:4:106:Infinity:undefined:undefined:undefined:undefined":16,"s:104:4:106:Infinity":45,"s:105:6:105:Infinity":46,"s:107:21:107:74":47,"b:107:21:107:72:107:72:107:74":17,"s:108:4:108:Infinity":48,"s:109:4:109:Infinity":49,"s:112:2:152:Infinity":50,"b:113:4:123:Infinity:undefined:undefined:undefined:undefined":18,"s:113:4:123:Infinity":51,"s:114:6:121:Infinity":52,"f:114:22:114:23":10,"s:115:28:115:45":53,"s:116:8:120:Infinity":54,"s:122:6:122:Infinity":55,"s:125:36:125:Infinity":56,"s:126:17:126:38":57,"s:127:18:127:40":58,"s:129:29:130:Infinity":59,"b:129:29:129:49:129:49:129:Infinity:130:10:130:29:130:29:130:Infinity":19,"b:132:4:142:Infinity:undefined:undefined:undefined:undefined":20,"s:132:4:142:Infinity":60,"s:133:6:136:Infinity":61,"b:135:44:135:55:135:55:135:Infinity":21,"s:137:6:140:Infinity":62,"b:139:45:139:56:139:56:139:Infinity":22,"s:141:6:141:Infinity":63,"s:144:4:147:Infinity":64,"s:148:4:151:Infinity":65,"s:154:2:154:Infinity":66,"f:157:9:157:33":11,"s:158:2:161:Infinity":67,"b:159:4:159:Infinity:160:7:160:33:161:7:161:27":23,"f:171:16:171:Infinity":12,"s:172:2:191:Infinity":68,"s:173:16:173:Infinity":69,"b:174:4:174:Infinity:undefined:undefined:undefined:undefined":24,"s:174:4:174:Infinity":70,"s:174:14:174:Infinity":71,"s:176:19:176:Infinity":72,"b:177:4:177:Infinity:undefined:undefined:undefined:undefined":25,"s:177:4:177:Infinity":73,"s:177:32:177:Infinity":74,"s:179:25:179:Infinity":75,"s:180:20:180:Infinity":76,"f:180:40:180:41":13,"s:180:57:180:Infinity":77,"s:181:27:181:Infinity":78,"s:182:23:182:Infinity":79,"b:184:4:186:Infinity:undefined:undefined:undefined:undefined":26,"s:184:4:186:Infinity":80,"s:185:6:185:Infinity":81,"s:188:4:188:Infinity":82,"s:190:4:190:Infinity":83,"f:197:16:197:33":14,"s:198:25:198:Infinity":84,"s:199:21:199:Infinity":85,"s:200:2:200:Infinity":86,"f:206:16:206:32":15,"s:207:19:207:Infinity":87,"s:208:18:208:Infinity":88,"s:209:2:209:Infinity":89,"s:210:2:210:Infinity":90,"f:218:16:218:Infinity":16,"s:219:2:225:Infinity":91,"s:220:16:220:Infinity":92,"b:221:4:221:Infinity:undefined:undefined:undefined:undefined":27,"s:221:4:221:Infinity":93,"s:221:14:221:Infinity":94,"s:222:4:222:Infinity":95,"s:224:4:224:Infinity":96,"f:231:16:231:32":17,"s:232:18:232:Infinity":97,"s:233:32:236:Infinity":98,"s:237:2:237:Infinity":99,"s:238:2:238:Infinity":100,"s:239:2:239:Infinity":101,"f:245:16:245:34":18,"s:246:18:246:Infinity":102,"s:247:25:247:Infinity":103,"s:248:41:248:Infinity":104,"s:250:25:260:Infinity":105,"f:250:37:250:38":19,"b:251:4:253:Infinity:undefined:undefined:undefined:undefined":28,"s:251:4:253:Infinity":106,"s:252:6:252:Infinity":107,"s:255:4:258:Infinity":108,"b:257:12:257:30:257:30:257:Infinity":29,"s:259:4:259:Infinity":109,"b:262:2:264:Infinity:undefined:undefined:undefined:undefined":30,"s:262:2:264:Infinity":110,"s:263:4:263:Infinity":111,"s:266:2:266:Infinity":112,"s:267:2:267:Infinity":113,"f:273:16:273:34":20,"s:277:18:277:Infinity":114,"s:278:23:278:Infinity":115,"b:278:23:278:72:278:72:278:Infinity":31,"f:278:36:278:37":21,"s:278:47:278:72":116,"b:280:2:285:Infinity:undefined:undefined:undefined:undefined":32,"s:280:2:285:Infinity":117,"s:281:4:284:Infinity":118,"s:287:27:287:Infinity":119,"f:287:42:287:43":22,"s:287:53:287:Infinity":120,"s:288:2:288:Infinity":121,"s:290:23:290:Infinity":122,"s:291:32:292:Infinity":123,"f:292:4:292:5":23,"s:292:21:292:Infinity":124,"s:294:30:294:80":125,"s:295:2:295:Infinity":126,"s:297:2:300:Infinity":127,"f:306:16:306:Infinity":24,"s:307:18:307:Infinity":128,"b:308:2:308:Infinity:undefined:undefined:undefined:undefined":33,"s:308:2:308:Infinity":129,"s:308:28:308:Infinity":130,"s:310:23:310:Infinity":131,"s:311:23:311:Infinity":132,"s:312:2:316:Infinity":133,"f:312:23:312:24":25,"b:313:4:315:Infinity:undefined:undefined:undefined:undefined":34,"s:313:4:315:Infinity":134,"s:314:6:314:Infinity":135,"s:318:27:318:Infinity":136,"f:318:42:318:43":26,"s:318:53:318:Infinity":137,"s:319:23:319:63":138,"b:321:2:323:Infinity:undefined:undefined:undefined:undefined":35,"s:321:2:323:Infinity":139,"s:322:4:322:Infinity":140,"s:325:2:325:Infinity":141}}}
,"/home/leo/gitrepo/melomoney/src/lib/transaction-type.ts": {"path":"/home/leo/gitrepo/melomoney/src/lib/transaction-type.ts","statementMap":{"0":{"start":{"line":3,"column":41},"end":{"line":3,"column":null}},"1":{"start":{"line":8,"column":2},"end":{"line":8,"column":null}},"2":{"start":{"line":8,"column":34},"end":{"line":8,"column":null}},"3":{"start":{"line":9,"column":2},"end":{"line":9,"column":null}}},"fnMap":{"0":{"name":"inferTransactionType","decl":{"start":{"line":5,"column":16},"end":{"line":5,"column":null}},"loc":{"start":{"line":6,"column":89},"end":{"line":10,"column":null}},"line":6}},"branchMap":{"0":{"loc":{"start":{"line":8,"column":2},"end":{"line":8,"column":null}},"type":"if","locations":[{"start":{"line":8,"column":2},"end":{"line":8,"column":null}},{"start":{},"end":{}}],"line":8},"1":{"loc":{"start":{"line":9,"column":9},"end":{"line":9,"column":null}},"type":"cond-expr","locations":[{"start":{"line":9,"column":34},"end":{"line":9,"column":46}},{"start":{"line":9,"column":46},"end":{"line":9,"column":null}}],"line":9}},"s":{"0":1,"1":4,"2":2,"3":2},"f":{"0":4},"b":{"0":[2,2],"1":[1,1]},"meta":{"lastBranch":2,"lastFunction":1,"lastStatement":4,"seen":{"s:3:41:3:Infinity":0,"f:5:16:5:Infinity":0,"b:8:2:8:Infinity:undefined:undefined:undefined:undefined":0,"s:8:2:8:Infinity":1,"s:8:34:8:Infinity":2,"s:9:2:9:Infinity":3,"b:9:34:9:46:9:46:9:Infinity":1}}}
,"/home/leo/gitrepo/melomoney/src/lib/user-data.ts": {"path":"/home/leo/gitrepo/melomoney/src/lib/user-data.ts","statementMap":{"0":{"start":{"line":1,"column":33},"end":{"line":9,"column":null}},"1":{"start":{"line":12,"column":2},"end":{"line":14,"column":null}},"2":{"start":{"line":13,"column":4},"end":{"line":13,"column":null}}},"fnMap":{"0":{"name":"clearAllStoredUserData","decl":{"start":{"line":11,"column":16},"end":{"line":11,"column":null}},"loc":{"start":{"line":11,"column":16},"end":{"line":15,"column":null}},"line":11},"1":{"name":"(anonymous_1)","decl":{"start":{"line":12,"column":35},"end":{"line":12,"column":36}},"loc":{"start":{"line":12,"column":36},"end":{"line":14,"column":null}},"line":12}},"branchMap":{},"s":{"0":1,"1":1,"2":7},"f":{"0":1,"1":7},"b":{},"meta":{"lastBranch":0,"lastFunction":2,"lastStatement":3,"seen":{"s:1:33:9:Infinity":0,"f:11:16:11:Infinity":0,"s:12:2:14:Infinity":1,"f:12:35:12:36":1,"s:13:4:13:Infinity":2}}}
,"/home/leo/gitrepo/melomoney/src/lib/utils.ts": {"path":"/home/leo/gitrepo/melomoney/src/lib/utils.ts","statementMap":{"0":{"start":{"line":2,"column":30},"end":{"line":12,"column":null}},"1":{"start":{"line":6,"column":2},"end":{"line":11,"column":null}},"2":{"start":{"line":14,"column":36},"end":{"line":25,"column":null}},"3":{"start":{"line":18,"column":2},"end":{"line":20,"column":null}},"4":{"start":{"line":19,"column":4},"end":{"line":19,"column":null}},"5":{"start":{"line":21,"column":2},"end":{"line":23,"column":null}},"6":{"start":{"line":22,"column":4},"end":{"line":22,"column":null}},"7":{"start":{"line":24,"column":2},"end":{"line":24,"column":null}},"8":{"start":{"line":34,"column":43},"end":{"line":58,"column":null}},"9":{"start":{"line":43,"column":20},"end":{"line":45,"column":null}},"10":{"start":{"line":47,"column":2},"end":{"line":52,"column":null}},"11":{"start":{"line":48,"column":4},"end":{"line":51,"column":null}},"12":{"start":{"line":54,"column":2},"end":{"line":57,"column":null}},"13":{"start":{"line":61,"column":28},"end":{"line":66,"column":null}},"14":{"start":{"line":62,"column":2},"end":{"line":65,"column":null}},"15":{"start":{"line":69,"column":26},"end":{"line":76,"column":null}},"16":{"start":{"line":70,"column":15},"end":{"line":70,"column":null}},"17":{"start":{"line":71,"column":2},"end":{"line":75,"column":null}},"18":{"start":{"line":78,"column":31},"end":{"line":84,"column":null}},"19":{"start":{"line":79,"column":15},"end":{"line":79,"column":null}},"20":{"start":{"line":80,"column":2},"end":{"line":83,"column":null}},"21":{"start":{"line":86,"column":34},"end":{"line":98,"column":null}},"22":{"start":{"line":87,"column":15},"end":{"line":87,"column":null}},"23":{"start":{"line":88,"column":14},"end":{"line":88,"column":null}},"24":{"start":{"line":89,"column":19},"end":{"line":89,"column":null}},"25":{"start":{"line":90,"column":19},"end":{"line":90,"column":null}},"26":{"start":{"line":92,"column":2},"end":{"line":92,"column":null}},"27":{"start":{"line":92,"column":22},"end":{"line":92,"column":null}},"28":{"start":{"line":93,"column":2},"end":{"line":93,"column":null}},"29":{"start":{"line":93,"column":22},"end":{"line":93,"column":null}},"30":{"start":{"line":94,"column":2},"end":{"line":94,"column":null}},"31":{"start":{"line":94,"column":20},"end":{"line":94,"column":null}},"32":{"start":{"line":95,"column":2},"end":{"line":95,"column":null}},"33":{"start":{"line":95,"column":21},"end":{"line":95,"column":null}},"34":{"start":{"line":97,"column":2},"end":{"line":97,"column":null}},"35":{"start":{"line":101,"column":32},"end":{"line":103,"column":null}},"36":{"start":{"line":102,"column":2},"end":{"line":102,"column":null}},"37":{"start":{"line":106,"column":18},"end":{"line":108,"column":null}},"38":{"start":{"line":107,"column":2},"end":{"line":107,"column":null}}},"fnMap":{"0":{"name":"(anonymous_0)","decl":{"start":{"line":2,"column":30},"end":{"line":2,"column":null}},"loc":{"start":{"line":4,"column":26},"end":{"line":12,"column":null}},"line":4},"1":{"name":"(anonymous_1)","decl":{"start":{"line":14,"column":36},"end":{"line":14,"column":null}},"loc":{"start":{"line":16,"column":26},"end":{"line":25,"column":null}},"line":16},"2":{"name":"(anonymous_2)","decl":{"start":{"line":34,"column":43},"end":{"line":34,"column":44}},"loc":{"start":{"line":39,"column":28},"end":{"line":58,"column":null}},"line":39},"3":{"name":"(anonymous_3)","decl":{"start":{"line":61,"column":28},"end":{"line":61,"column":29}},"loc":{"start":{"line":61,"column":29},"end":{"line":66,"column":null}},"line":61},"4":{"name":"(anonymous_4)","decl":{"start":{"line":69,"column":26},"end":{"line":69,"column":27}},"loc":{"start":{"line":69,"column":27},"end":{"line":76,"column":null}},"line":69},"5":{"name":"(anonymous_5)","decl":{"start":{"line":78,"column":31},"end":{"line":78,"column":32}},"loc":{"start":{"line":78,"column":32},"end":{"line":84,"column":null}},"line":78},"6":{"name":"(anonymous_6)","decl":{"start":{"line":86,"column":34},"end":{"line":86,"column":35}},"loc":{"start":{"line":86,"column":35},"end":{"line":98,"column":null}},"line":86},"7":{"name":"(anonymous_7)","decl":{"start":{"line":101,"column":32},"end":{"line":101,"column":33}},"loc":{"start":{"line":101,"column":33},"end":{"line":103,"column":null}},"line":101},"8":{"name":"(anonymous_8)","decl":{"start":{"line":106,"column":18},"end":{"line":106,"column":19}},"loc":{"start":{"line":106,"column":22},"end":{"line":108,"column":null}},"line":106}},"branchMap":{"0":{"loc":{"start":{"line":4,"column":2},"end":{"line":4,"column":26}},"type":"default-arg","locations":[{"start":{"line":4,"column":21},"end":{"line":4,"column":26}}],"line":4},"1":{"loc":{"start":{"line":16,"column":2},"end":{"line":16,"column":26}},"type":"default-arg","locations":[{"start":{"line":16,"column":21},"end":{"line":16,"column":26}}],"line":16},"2":{"loc":{"start":{"line":18,"column":2},"end":{"line":20,"column":null}},"type":"if","locations":[{"start":{"line":18,"column":2},"end":{"line":20,"column":null}},{"start":{},"end":{}}],"line":18},"3":{"loc":{"start":{"line":21,"column":2},"end":{"line":23,"column":null}},"type":"if","locations":[{"start":{"line":21,"column":2},"end":{"line":23,"column":null}},{"start":{},"end":{}}],"line":21},"4":{"loc":{"start":{"line":43,"column":20},"end":{"line":45,"column":null}},"type":"cond-expr","locations":[{"start":{"line":44,"column":6},"end":{"line":44,"column":null}},{"start":{"line":45,"column":6},"end":{"line":45,"column":null}}],"line":43},"5":{"loc":{"start":{"line":47,"column":2},"end":{"line":52,"column":null}},"type":"if","locations":[{"start":{"line":47,"column":2},"end":{"line":52,"column":null}},{"start":{},"end":{}}],"line":47},"6":{"loc":{"start":{"line":92,"column":2},"end":{"line":92,"column":null}},"type":"if","locations":[{"start":{"line":92,"column":2},"end":{"line":92,"column":null}},{"start":{},"end":{}}],"line":92},"7":{"loc":{"start":{"line":93,"column":2},"end":{"line":93,"column":null}},"type":"if","locations":[{"start":{"line":93,"column":2},"end":{"line":93,"column":null}},{"start":{},"end":{}}],"line":93},"8":{"loc":{"start":{"line":94,"column":2},"end":{"line":94,"column":null}},"type":"if","locations":[{"start":{"line":94,"column":2},"end":{"line":94,"column":null}},{"start":{},"end":{}}],"line":94},"9":{"loc":{"start":{"line":95,"column":2},"end":{"line":95,"column":null}},"type":"if","locations":[{"start":{"line":95,"column":2},"end":{"line":95,"column":null}},{"start":{},"end":{}}],"line":95}},"s":{"0":5,"1":7,"2":5,"3":4,"4":2,"5":2,"6":2,"7":0,"8":5,"9":6,"10":6,"11":3,"12":3,"13":5,"14":0,"15":5,"16":0,"17":0,"18":5,"19":0,"20":0,"21":5,"22":0,"23":0,"24":0,"25":0,"26":0,"27":0,"28":0,"29":0,"30":0,"31":0,"32":0,"33":0,"34":0,"35":5,"36":0,"37":5,"38":4},"f":{"0":7,"1":4,"2":6,"3":0,"4":0,"5":0,"6":0,"7":0,"8":4},"b":{"0":[7],"1":[4],"2":[2,2],"3":[2,0],"4":[4,2],"5":[3,3],"6":[0,0],"7":[0,0],"8":[0,0],"9":[0,0]},"meta":{"lastBranch":10,"lastFunction":9,"lastStatement":39,"seen":{"s:2:30:12:Infinity":0,"f:2:30:2:Infinity":0,"b:4:21:4:26":0,"s:6:2:11:Infinity":1,"s:14:36:25:Infinity":2,"f:14:36:14:Infinity":1,"b:16:21:16:26":1,"b:18:2:20:Infinity:undefined:undefined:undefined:undefined":2,"s:18:2:20:Infinity":3,"s:19:4:19:Infinity":4,"b:21:2:23:Infinity:undefined:undefined:undefined:undefined":3,"s:21:2:23:Infinity":5,"s:22:4:22:Infinity":6,"s:24:2:24:Infinity":7,"s:34:43:58:Infinity":8,"f:34:43:34:44":2,"s:43:20:45:Infinity":9,"b:44:6:44:Infinity:45:6:45:Infinity":4,"b:47:2:52:Infinity:undefined:undefined:undefined:undefined":5,"s:47:2:52:Infinity":10,"s:48:4:51:Infinity":11,"s:54:2:57:Infinity":12,"s:61:28:66:Infinity":13,"f:61:28:61:29":3,"s:62:2:65:Infinity":14,"s:69:26:76:Infinity":15,"f:69:26:69:27":4,"s:70:15:70:Infinity":16,"s:71:2:75:Infinity":17,"s:78:31:84:Infinity":18,"f:78:31:78:32":5,"s:79:15:79:Infinity":19,"s:80:2:83:Infinity":20,"s:86:34:98:Infinity":21,"f:86:34:86:35":6,"s:87:15:87:Infinity":22,"s:88:14:88:Infinity":23,"s:89:19:89:Infinity":24,"s:90:19:90:Infinity":25,"b:92:2:92:Infinity:undefined:undefined:undefined:undefined":6,"s:92:2:92:Infinity":26,"s:92:22:92:Infinity":27,"b:93:2:93:Infinity:undefined:undefined:undefined:undefined":7,"s:93:2:93:Infinity":28,"s:93:22:93:Infinity":29,"b:94:2:94:Infinity:undefined:undefined:undefined:undefined":8,"s:94:2:94:Infinity":30,"s:94:20:94:Infinity":31,"b:95:2:95:Infinity:undefined:undefined:undefined:undefined":9,"s:95:2:95:Infinity":32,"s:95:21:95:Infinity":33,"s:97:2:97:Infinity":34,"s:101:32:103:Infinity":35,"f:101:32:101:33":7,"s:102:2:102:Infinity":36,"s:106:18:108:Infinity":37,"f:106:18:106:19":8,"s:107:2:107:Infinity":38}}}
}
